{"/workspaces/AINA/controllers/aiController.js": {"path":"/workspaces/AINA/controllers/aiController.js","statementMap":{"0":{"start":{"line":1,"column":25},"end":{"line":1,"column":50}},"1":{"start":{"line":2,"column":21},"end":{"line":2,"column":53}},"2":{"start":{"line":4,"column":15},"end":{"line":4,"column":33}},"3":{"start":{"line":6,"column":0},"end":{"line":47,"column":3}},"4":{"start":{"line":7,"column":20},"end":{"line":11,"column":4}},"5":{"start":{"line":13,"column":17},"end":{"line":13,"column":19}},"6":{"start":{"line":14,"column":17},"end":{"line":14,"column":19}},"7":{"start":{"line":15,"column":17},"end":{"line":15,"column":19}},"8":{"start":{"line":17,"column":2},"end":{"line":27,"column":5}},"9":{"start":{"line":18,"column":4},"end":{"line":18,"column":61}},"10":{"start":{"line":20,"column":17},"end":{"line":20,"column":56}},"11":{"start":{"line":21,"column":4},"end":{"line":21,"column":43}},"12":{"start":{"line":23,"column":4},"end":{"line":26,"column":5}},"13":{"start":{"line":24,"column":18},"end":{"line":24,"column":84}},"14":{"start":{"line":25,"column":6},"end":{"line":25,"column":43}},"15":{"start":{"line":29,"column":26},"end":{"line":29,"column":92}},"16":{"start":{"line":29,"column":64},"end":{"line":29,"column":75}},"17":{"start":{"line":30,"column":20},"end":{"line":33,"column":60}},"18":{"start":{"line":31,"column":20},"end":{"line":31,"column":31}},"19":{"start":{"line":33,"column":29},"end":{"line":33,"column":58}},"20":{"start":{"line":35,"column":21},"end":{"line":38,"column":48}},"21":{"start":{"line":36,"column":20},"end":{"line":36,"column":31}},"22":{"start":{"line":38,"column":30},"end":{"line":38,"column":46}},"23":{"start":{"line":40,"column":21},"end":{"line":44,"column":3}},"24":{"start":{"line":46,"column":2},"end":{"line":46,"column":67}}},"fnMap":{"0":{"name":"(anonymous_0)","decl":{"start":{"line":6,"column":35},"end":{"line":6,"column":36}},"loc":{"start":{"line":6,"column":55},"end":{"line":47,"column":1}},"line":6},"1":{"name":"(anonymous_1)","decl":{"start":{"line":17,"column":20},"end":{"line":17,"column":21}},"loc":{"start":{"line":17,"column":34},"end":{"line":27,"column":3}},"line":17},"2":{"name":"(anonymous_2)","decl":{"start":{"line":29,"column":54},"end":{"line":29,"column":55}},"loc":{"start":{"line":29,"column":64},"end":{"line":29,"column":75}},"line":29},"3":{"name":"(anonymous_3)","decl":{"start":{"line":31,"column":10},"end":{"line":31,"column":11}},"loc":{"start":{"line":31,"column":20},"end":{"line":31,"column":31}},"line":31},"4":{"name":"(anonymous_4)","decl":{"start":{"line":33,"column":9},"end":{"line":33,"column":10}},"loc":{"start":{"line":33,"column":29},"end":{"line":33,"column":58}},"line":33},"5":{"name":"(anonymous_5)","decl":{"start":{"line":36,"column":10},"end":{"line":36,"column":11}},"loc":{"start":{"line":36,"column":20},"end":{"line":36,"column":31}},"line":36},"6":{"name":"(anonymous_6)","decl":{"start":{"line":38,"column":9},"end":{"line":38,"column":10}},"loc":{"start":{"line":38,"column":30},"end":{"line":38,"column":46}},"line":38}},"branchMap":{"0":{"loc":{"start":{"line":18,"column":29},"end":{"line":18,"column":55}},"type":"binary-expr","locations":[{"start":{"line":18,"column":29},"end":{"line":18,"column":50}},{"start":{"line":18,"column":54},"end":{"line":18,"column":55}}],"line":18},"1":{"loc":{"start":{"line":21,"column":20},"end":{"line":21,"column":37}},"type":"binary-expr","locations":[{"start":{"line":21,"column":20},"end":{"line":21,"column":32}},{"start":{"line":21,"column":36},"end":{"line":21,"column":37}}],"line":21},"2":{"loc":{"start":{"line":23,"column":4},"end":{"line":26,"column":5}},"type":"if","locations":[{"start":{"line":23,"column":4},"end":{"line":26,"column":5}},{"start":{},"end":{}}],"line":23},"3":{"loc":{"start":{"line":23,"column":8},"end":{"line":23,"column":47}},"type":"binary-expr","locations":[{"start":{"line":23,"column":8},"end":{"line":23,"column":25}},{"start":{"line":23,"column":29},"end":{"line":23,"column":47}}],"line":23},"4":{"loc":{"start":{"line":25,"column":21},"end":{"line":25,"column":37}},"type":"binary-expr","locations":[{"start":{"line":25,"column":21},"end":{"line":25,"column":32}},{"start":{"line":25,"column":36},"end":{"line":25,"column":37}}],"line":25},"5":{"loc":{"start":{"line":29,"column":26},"end":{"line":29,"column":92}},"type":"binary-expr","locations":[{"start":{"line":29,"column":26},"end":{"line":29,"column":84}},{"start":{"line":29,"column":88},"end":{"line":29,"column":92}}],"line":29}},"s":{"0":3,"1":3,"2":3,"3":3,"4":0,"5":0,"6":0,"7":0,"8":0,"9":0,"10":0,"11":0,"12":0,"13":0,"14":0,"15":0,"16":0,"17":0,"18":0,"19":0,"20":0,"21":0,"22":0,"23":0,"24":0},"f":{"0":0,"1":0,"2":0,"3":0,"4":0,"5":0,"6":0},"b":{"0":[0,0],"1":[0,0],"2":[0,0],"3":[0,0],"4":[0,0],"5":[0,0]},"_coverageSchema":"1a1c01bbd47fc00a2c39e90264f33305004495a9","hash":"ffd0952124649b02f1819e31d0dad6e61b7305d5"}
,"/workspaces/AINA/controllers/authController.js": {"path":"/workspaces/AINA/controllers/authController.js","statementMap":{"0":{"start":{"line":1,"column":15},"end":{"line":1,"column":32}},"1":{"start":{"line":2,"column":12},"end":{"line":2,"column":35}},"2":{"start":{"line":3,"column":15},"end":{"line":3,"column":32}},"3":{"start":{"line":4,"column":25},"end":{"line":4,"column":50}},"4":{"start":{"line":5,"column":21},"end":{"line":5,"column":53}},"5":{"start":{"line":7,"column":15},"end":{"line":7,"column":33}},"6":{"start":{"line":10,"column":2},"end":{"line":14,"column":5}},"7":{"start":{"line":18,"column":2},"end":{"line":18,"column":48}},"8":{"start":{"line":18,"column":17},"end":{"line":18,"column":48}},"9":{"start":{"line":19,"column":16},"end":{"line":19,"column":38}},"10":{"start":{"line":20,"column":2},"end":{"line":20,"column":58}},"11":{"start":{"line":20,"column":27},"end":{"line":20,"column":58}},"12":{"start":{"line":22,"column":2},"end":{"line":22,"column":65}},"13":{"start":{"line":22,"column":30},"end":{"line":22,"column":65}},"14":{"start":{"line":23,"column":2},"end":{"line":23,"column":60}},"15":{"start":{"line":23,"column":30},"end":{"line":23,"column":60}},"16":{"start":{"line":24,"column":2},"end":{"line":24,"column":55}},"17":{"start":{"line":24,"column":30},"end":{"line":24,"column":55}},"18":{"start":{"line":25,"column":2},"end":{"line":25,"column":15}},"19":{"start":{"line":29,"column":23},"end":{"line":29,"column":61}},"20":{"start":{"line":30,"column":23},"end":{"line":30,"column":84}},"21":{"start":{"line":31,"column":20},"end":{"line":31,"column":55}},"22":{"start":{"line":32,"column":15},"end":{"line":32,"column":77}},"23":{"start":{"line":33,"column":2},"end":{"line":33,"column":43}},"24":{"start":{"line":37,"column":2},"end":{"line":41,"column":5}},"25":{"start":{"line":44,"column":0},"end":{"line":72,"column":3}},"26":{"start":{"line":45,"column":30},"end":{"line":45,"column":38}},"27":{"start":{"line":47,"column":19},"end":{"line":47,"column":69}},"28":{"start":{"line":48,"column":2},"end":{"line":51,"column":3}},"29":{"start":{"line":49,"column":4},"end":{"line":49,"column":20}},"30":{"start":{"line":50,"column":4},"end":{"line":50,"column":43}},"31":{"start":{"line":53,"column":15},"end":{"line":53,"column":46}},"32":{"start":{"line":54,"column":15},"end":{"line":54,"column":76}},"33":{"start":{"line":56,"column":22},"end":{"line":56,"column":47}},"34":{"start":{"line":57,"column":57},"end":{"line":57,"column":83}},"35":{"start":{"line":59,"column":2},"end":{"line":61,"column":5}},"36":{"start":{"line":63,"column":2},"end":{"line":71,"column":5}},"37":{"start":{"line":74,"column":0},"end":{"line":106,"column":3}},"38":{"start":{"line":75,"column":30},"end":{"line":75,"column":38}},"39":{"start":{"line":76,"column":15},"end":{"line":76,"column":65}},"40":{"start":{"line":78,"column":2},"end":{"line":81,"column":3}},"41":{"start":{"line":79,"column":4},"end":{"line":79,"column":20}},"42":{"start":{"line":80,"column":4},"end":{"line":80,"column":43}},"43":{"start":{"line":83,"column":16},"end":{"line":83,"column":61}},"44":{"start":{"line":84,"column":2},"end":{"line":87,"column":3}},"45":{"start":{"line":85,"column":4},"end":{"line":85,"column":20}},"46":{"start":{"line":86,"column":4},"end":{"line":86,"column":43}},"47":{"start":{"line":89,"column":22},"end":{"line":89,"column":47}},"48":{"start":{"line":90,"column":44},"end":{"line":90,"column":70}},"49":{"start":{"line":92,"column":2},"end":{"line":98,"column":5}},"50":{"start":{"line":100,"column":2},"end":{"line":105,"column":5}},"51":{"start":{"line":108,"column":0},"end":{"line":141,"column":3}},"52":{"start":{"line":109,"column":27},"end":{"line":109,"column":35}},"53":{"start":{"line":110,"column":2},"end":{"line":113,"column":3}},"54":{"start":{"line":111,"column":4},"end":{"line":111,"column":20}},"55":{"start":{"line":112,"column":4},"end":{"line":112,"column":48}},"56":{"start":{"line":115,"column":20},"end":{"line":115,"column":82}},"57":{"start":{"line":116,"column":22},"end":{"line":116,"column":84}},"58":{"start":{"line":118,"column":2},"end":{"line":121,"column":3}},"59":{"start":{"line":119,"column":4},"end":{"line":119,"column":20}},"60":{"start":{"line":120,"column":4},"end":{"line":120,"column":45}},"61":{"start":{"line":123,"column":2},"end":{"line":123,"column":95}},"62":{"start":{"line":124,"column":25},"end":{"line":124,"column":61}},"63":{"start":{"line":125,"column":21},"end":{"line":125,"column":58}},"64":{"start":{"line":127,"column":2},"end":{"line":133,"column":5}},"65":{"start":{"line":135,"column":2},"end":{"line":140,"column":5}},"66":{"start":{"line":143,"column":0},"end":{"line":153,"column":3}},"67":{"start":{"line":144,"column":27},"end":{"line":144,"column":35}},"68":{"start":{"line":145,"column":2},"end":{"line":147,"column":3}},"69":{"start":{"line":146,"column":4},"end":{"line":146,"column":70}},"70":{"start":{"line":149,"column":20},"end":{"line":149,"column":82}},"71":{"start":{"line":150,"column":2},"end":{"line":150,"column":90}},"72":{"start":{"line":152,"column":2},"end":{"line":152,"column":38}}},"fnMap":{"0":{"name":"buildAccessToken","decl":{"start":{"line":9,"column":9},"end":{"line":9,"column":25}},"loc":{"start":{"line":9,"column":34},"end":{"line":15,"column":1}},"line":9},"1":{"name":"getMsFromDuration","decl":{"start":{"line":17,"column":9},"end":{"line":17,"column":26}},"loc":{"start":{"line":17,"column":37},"end":{"line":26,"column":1}},"line":17},"2":{"name":"buildRefreshToken","decl":{"start":{"line":28,"column":9},"end":{"line":28,"column":26}},"loc":{"start":{"line":28,"column":35},"end":{"line":34,"column":1}},"line":28},"3":{"name":"buildToken","decl":{"start":{"line":36,"column":9},"end":{"line":36,"column":19}},"loc":{"start":{"line":36,"column":28},"end":{"line":42,"column":1}},"line":36},"4":{"name":"(anonymous_4)","decl":{"start":{"line":44,"column":32},"end":{"line":44,"column":33}},"loc":{"start":{"line":44,"column":52},"end":{"line":72,"column":1}},"line":44},"5":{"name":"(anonymous_5)","decl":{"start":{"line":74,"column":29},"end":{"line":74,"column":30}},"loc":{"start":{"line":74,"column":49},"end":{"line":106,"column":1}},"line":74},"6":{"name":"(anonymous_6)","decl":{"start":{"line":108,"column":36},"end":{"line":108,"column":37}},"loc":{"start":{"line":108,"column":56},"end":{"line":141,"column":1}},"line":108},"7":{"name":"(anonymous_7)","decl":{"start":{"line":143,"column":30},"end":{"line":143,"column":31}},"loc":{"start":{"line":143,"column":50},"end":{"line":153,"column":1}},"line":143}},"branchMap":{"0":{"loc":{"start":{"line":11,"column":15},"end":{"line":11,"column":50}},"type":"binary-expr","locations":[{"start":{"line":11,"column":15},"end":{"line":11,"column":41}},{"start":{"line":11,"column":45},"end":{"line":11,"column":50}}],"line":11},"1":{"loc":{"start":{"line":12,"column":12},"end":{"line":12,"column":48}},"type":"binary-expr","locations":[{"start":{"line":12,"column":12},"end":{"line":12,"column":34}},{"start":{"line":12,"column":38},"end":{"line":12,"column":48}}],"line":12},"2":{"loc":{"start":{"line":13,"column":14},"end":{"line":13,"column":55}},"type":"binary-expr","locations":[{"start":{"line":13,"column":14},"end":{"line":13,"column":38}},{"start":{"line":13,"column":42},"end":{"line":13,"column":55}}],"line":13},"3":{"loc":{"start":{"line":18,"column":2},"end":{"line":18,"column":48}},"type":"if","locations":[{"start":{"line":18,"column":2},"end":{"line":18,"column":48}},{"start":{},"end":{}}],"line":18},"4":{"loc":{"start":{"line":20,"column":2},"end":{"line":20,"column":58}},"type":"if","locations":[{"start":{"line":20,"column":2},"end":{"line":20,"column":58}},{"start":{},"end":{}}],"line":20},"5":{"loc":{"start":{"line":22,"column":2},"end":{"line":22,"column":65}},"type":"if","locations":[{"start":{"line":22,"column":2},"end":{"line":22,"column":65}},{"start":{},"end":{}}],"line":22},"6":{"loc":{"start":{"line":23,"column":2},"end":{"line":23,"column":60}},"type":"if","locations":[{"start":{"line":23,"column":2},"end":{"line":23,"column":60}},{"start":{},"end":{}}],"line":23},"7":{"loc":{"start":{"line":24,"column":2},"end":{"line":24,"column":55}},"type":"if","locations":[{"start":{"line":24,"column":2},"end":{"line":24,"column":55}},{"start":{},"end":{}}],"line":24},"8":{"loc":{"start":{"line":30,"column":41},"end":{"line":30,"column":83}},"type":"binary-expr","locations":[{"start":{"line":30,"column":41},"end":{"line":30,"column":75}},{"start":{"line":30,"column":79},"end":{"line":30,"column":83}}],"line":30},"9":{"loc":{"start":{"line":38,"column":15},"end":{"line":38,"column":49}},"type":"binary-expr","locations":[{"start":{"line":38,"column":15},"end":{"line":38,"column":41}},{"start":{"line":38,"column":45},"end":{"line":38,"column":49}}],"line":38},"10":{"loc":{"start":{"line":39,"column":12},"end":{"line":39,"column":48}},"type":"binary-expr","locations":[{"start":{"line":39,"column":12},"end":{"line":39,"column":34}},{"start":{"line":39,"column":38},"end":{"line":39,"column":48}}],"line":39},"11":{"loc":{"start":{"line":40,"column":14},"end":{"line":40,"column":55}},"type":"binary-expr","locations":[{"start":{"line":40,"column":14},"end":{"line":40,"column":38}},{"start":{"line":40,"column":42},"end":{"line":40,"column":55}}],"line":40},"12":{"loc":{"start":{"line":48,"column":2},"end":{"line":51,"column":3}},"type":"if","locations":[{"start":{"line":48,"column":2},"end":{"line":51,"column":3}},{"start":{},"end":{}}],"line":48},"13":{"loc":{"start":{"line":69,"column":15},"end":{"line":69,"column":50}},"type":"binary-expr","locations":[{"start":{"line":69,"column":15},"end":{"line":69,"column":41}},{"start":{"line":69,"column":45},"end":{"line":69,"column":50}}],"line":69},"14":{"loc":{"start":{"line":78,"column":2},"end":{"line":81,"column":3}},"type":"if","locations":[{"start":{"line":78,"column":2},"end":{"line":81,"column":3}},{"start":{},"end":{}}],"line":78},"15":{"loc":{"start":{"line":84,"column":2},"end":{"line":87,"column":3}},"type":"if","locations":[{"start":{"line":84,"column":2},"end":{"line":87,"column":3}},{"start":{},"end":{}}],"line":84},"16":{"loc":{"start":{"line":103,"column":15},"end":{"line":103,"column":50}},"type":"binary-expr","locations":[{"start":{"line":103,"column":15},"end":{"line":103,"column":41}},{"start":{"line":103,"column":45},"end":{"line":103,"column":50}}],"line":103},"17":{"loc":{"start":{"line":110,"column":2},"end":{"line":113,"column":3}},"type":"if","locations":[{"start":{"line":110,"column":2},"end":{"line":113,"column":3}},{"start":{},"end":{}}],"line":110},"18":{"loc":{"start":{"line":118,"column":2},"end":{"line":121,"column":3}},"type":"if","locations":[{"start":{"line":118,"column":2},"end":{"line":121,"column":3}},{"start":{},"end":{}}],"line":118},"19":{"loc":{"start":{"line":118,"column":6},"end":{"line":118,"column":89}},"type":"binary-expr","locations":[{"start":{"line":118,"column":6},"end":{"line":118,"column":18}},{"start":{"line":118,"column":22},"end":{"line":118,"column":41}},{"start":{"line":118,"column":45},"end":{"line":118,"column":89}}],"line":118},"20":{"loc":{"start":{"line":138,"column":15},"end":{"line":138,"column":50}},"type":"binary-expr","locations":[{"start":{"line":138,"column":15},"end":{"line":138,"column":41}},{"start":{"line":138,"column":45},"end":{"line":138,"column":50}}],"line":138},"21":{"loc":{"start":{"line":145,"column":2},"end":{"line":147,"column":3}},"type":"if","locations":[{"start":{"line":145,"column":2},"end":{"line":147,"column":3}},{"start":{},"end":{}}],"line":145}},"s":{"0":3,"1":3,"2":3,"3":3,"4":3,"5":3,"6":0,"7":0,"8":0,"9":0,"10":0,"11":0,"12":0,"13":0,"14":0,"15":0,"16":0,"17":0,"18":0,"19":0,"20":0,"21":0,"22":0,"23":0,"24":0,"25":3,"26":0,"27":0,"28":0,"29":0,"30":0,"31":0,"32":0,"33":0,"34":0,"35":0,"36":0,"37":3,"38":0,"39":0,"40":0,"41":0,"42":0,"43":0,"44":0,"45":0,"46":0,"47":0,"48":0,"49":0,"50":0,"51":3,"52":0,"53":0,"54":0,"55":0,"56":0,"57":0,"58":0,"59":0,"60":0,"61":0,"62":0,"63":0,"64":0,"65":0,"66":3,"67":0,"68":0,"69":0,"70":0,"71":0,"72":0},"f":{"0":0,"1":0,"2":0,"3":0,"4":0,"5":0,"6":0,"7":0},"b":{"0":[0,0],"1":[0,0],"2":[0,0],"3":[0,0],"4":[0,0],"5":[0,0],"6":[0,0],"7":[0,0],"8":[0,0],"9":[0,0],"10":[0,0],"11":[0,0],"12":[0,0],"13":[0,0],"14":[0,0],"15":[0,0],"16":[0,0],"17":[0,0],"18":[0,0],"19":[0,0,0],"20":[0,0],"21":[0,0]},"_coverageSchema":"1a1c01bbd47fc00a2c39e90264f33305004495a9","hash":"7440134f3dbbfd6dc8f66b89c0f0e7c83e988efe"}
,"/workspaces/AINA/controllers/contactController.js": {"path":"/workspaces/AINA/controllers/contactController.js","statementMap":{"0":{"start":{"line":1,"column":25},"end":{"line":1,"column":50}},"1":{"start":{"line":2,"column":21},"end":{"line":2,"column":53}},"2":{"start":{"line":4,"column":15},"end":{"line":4,"column":33}},"3":{"start":{"line":6,"column":0},"end":{"line":19,"column":3}},"4":{"start":{"line":7,"column":40},"end":{"line":7,"column":48}},"5":{"start":{"line":9,"column":2},"end":{"line":12,"column":3}},"6":{"start":{"line":10,"column":4},"end":{"line":10,"column":20}},"7":{"start":{"line":11,"column":4},"end":{"line":11,"column":51}},"8":{"start":{"line":14,"column":18},"end":{"line":16,"column":4}},"9":{"start":{"line":18,"column":2},"end":{"line":18,"column":32}},"10":{"start":{"line":21,"column":0},"end":{"line":28,"column":3}},"11":{"start":{"line":22,"column":19},"end":{"line":25,"column":4}},"12":{"start":{"line":27,"column":2},"end":{"line":27,"column":21}}},"fnMap":{"0":{"name":"(anonymous_0)","decl":{"start":{"line":6,"column":34},"end":{"line":6,"column":35}},"loc":{"start":{"line":6,"column":54},"end":{"line":19,"column":1}},"line":6},"1":{"name":"(anonymous_1)","decl":{"start":{"line":21,"column":35},"end":{"line":21,"column":36}},"loc":{"start":{"line":21,"column":55},"end":{"line":28,"column":1}},"line":21}},"branchMap":{"0":{"loc":{"start":{"line":7,"column":23},"end":{"line":7,"column":35}},"type":"default-arg","locations":[{"start":{"line":7,"column":34},"end":{"line":7,"column":35}}],"line":7},"1":{"loc":{"start":{"line":9,"column":2},"end":{"line":12,"column":3}},"type":"if","locations":[{"start":{"line":9,"column":2},"end":{"line":12,"column":3}},{"start":{},"end":{}}],"line":9},"2":{"loc":{"start":{"line":9,"column":6},"end":{"line":9,"column":21}},"type":"binary-expr","locations":[{"start":{"line":9,"column":6},"end":{"line":9,"column":11}},{"start":{"line":9,"column":15},"end":{"line":9,"column":21}}],"line":9}},"s":{"0":3,"1":3,"2":3,"3":3,"4":0,"5":0,"6":0,"7":0,"8":0,"9":0,"10":3,"11":0,"12":0},"f":{"0":0,"1":0},"b":{"0":[0],"1":[0,0],"2":[0,0]},"_coverageSchema":"1a1c01bbd47fc00a2c39e90264f33305004495a9","hash":"df17d9bf46d753468014cf844e01d2eeaef9a4f0"}
,"/workspaces/AINA/controllers/incidentController.js": {"path":"/workspaces/AINA/controllers/incidentController.js","statementMap":{"0":{"start":{"line":1,"column":25},"end":{"line":1,"column":50}},"1":{"start":{"line":2,"column":15},"end":{"line":2,"column":32}},"2":{"start":{"line":3,"column":21},"end":{"line":3,"column":53}},"3":{"start":{"line":4,"column":32},"end":{"line":4,"column":64}},"4":{"start":{"line":5,"column":32},"end":{"line":5,"column":69}},"5":{"start":{"line":6,"column":33},"end":{"line":6,"column":73}},"6":{"start":{"line":7,"column":22},"end":{"line":7,"column":60}},"7":{"start":{"line":8,"column":28},"end":{"line":8,"column":63}},"8":{"start":{"line":9,"column":20},"end":{"line":9,"column":54}},"9":{"start":{"line":11,"column":15},"end":{"line":11,"column":33}},"10":{"start":{"line":13,"column":0},"end":{"line":17,"column":3}},"11":{"start":{"line":14,"column":19},"end":{"line":14,"column":27}},"12":{"start":{"line":15,"column":19},"end":{"line":15,"column":50}},"13":{"start":{"line":16,"column":2},"end":{"line":16,"column":25}},"14":{"start":{"line":19,"column":0},"end":{"line":104,"column":3}},"15":{"start":{"line":32,"column":6},"end":{"line":32,"column":14}},"16":{"start":{"line":34,"column":21},"end":{"line":34,"column":33}},"17":{"start":{"line":35,"column":2},"end":{"line":39,"column":3}},"18":{"start":{"line":36,"column":4},"end":{"line":36,"column":83}},"19":{"start":{"line":37,"column":9},"end":{"line":39,"column":3}},"20":{"start":{"line":38,"column":4},"end":{"line":38,"column":89}},"21":{"start":{"line":41,"column":2},"end":{"line":44,"column":3}},"22":{"start":{"line":42,"column":4},"end":{"line":42,"column":20}},"23":{"start":{"line":43,"column":4},"end":{"line":43,"column":46}},"24":{"start":{"line":46,"column":27},"end":{"line":46,"column":94}},"25":{"start":{"line":48,"column":25},"end":{"line":52,"column":4}},"26":{"start":{"line":54,"column":19},"end":{"line":54,"column":92}},"27":{"start":{"line":56,"column":19},"end":{"line":75,"column":4}},"28":{"start":{"line":77,"column":2},"end":{"line":82,"column":3}},"29":{"start":{"line":78,"column":4},"end":{"line":81,"column":6}},"30":{"start":{"line":85,"column":2},"end":{"line":85,"column":52}},"31":{"start":{"line":87,"column":22},"end":{"line":87,"column":77}},"32":{"start":{"line":88,"column":22},"end":{"line":93,"column":4}},"33":{"start":{"line":95,"column":2},"end":{"line":101,"column":5}},"34":{"start":{"line":103,"column":2},"end":{"line":103,"column":90}},"35":{"start":{"line":106,"column":0},"end":{"line":124,"column":3}},"36":{"start":{"line":107,"column":19},"end":{"line":107,"column":45}},"37":{"start":{"line":108,"column":17},"end":{"line":108,"column":48}},"38":{"start":{"line":110,"column":2},"end":{"line":112,"column":3}},"39":{"start":{"line":111,"column":4},"end":{"line":111,"column":40}},"40":{"start":{"line":114,"column":20},"end":{"line":120,"column":4}},"41":{"start":{"line":122,"column":2},"end":{"line":122,"column":71}},"42":{"start":{"line":123,"column":2},"end":{"line":123,"column":22}},"43":{"start":{"line":126,"column":0},"end":{"line":138,"column":3}},"44":{"start":{"line":127,"column":19},"end":{"line":130,"column":4}},"45":{"start":{"line":132,"column":2},"end":{"line":135,"column":3}},"46":{"start":{"line":133,"column":4},"end":{"line":133,"column":20}},"47":{"start":{"line":134,"column":4},"end":{"line":134,"column":42}},"48":{"start":{"line":137,"column":2},"end":{"line":137,"column":21}},"49":{"start":{"line":140,"column":0},"end":{"line":164,"column":3}},"50":{"start":{"line":141,"column":34},"end":{"line":141,"column":43}},"51":{"start":{"line":142,"column":14},"end":{"line":142,"column":30}},"52":{"start":{"line":143,"column":14},"end":{"line":143,"column":31}},"53":{"start":{"line":145,"column":18},"end":{"line":153,"column":4}},"54":{"start":{"line":155,"column":2},"end":{"line":161,"column":3}},"55":{"start":{"line":156,"column":4},"end":{"line":160,"column":7}},"56":{"start":{"line":157,"column":19},"end":{"line":157,"column":49}},"57":{"start":{"line":158,"column":19},"end":{"line":158,"column":50}},"58":{"start":{"line":159,"column":6},"end":{"line":159,"column":57}},"59":{"start":{"line":163,"column":2},"end":{"line":163,"column":26}}},"fnMap":{"0":{"name":"(anonymous_0)","decl":{"start":{"line":13,"column":39},"end":{"line":13,"column":40}},"loc":{"start":{"line":13,"column":59},"end":{"line":17,"column":1}},"line":13},"1":{"name":"(anonymous_1)","decl":{"start":{"line":19,"column":38},"end":{"line":19,"column":39}},"loc":{"start":{"line":19,"column":58},"end":{"line":104,"column":1}},"line":19},"2":{"name":"(anonymous_2)","decl":{"start":{"line":106,"column":36},"end":{"line":106,"column":37}},"loc":{"start":{"line":106,"column":56},"end":{"line":124,"column":1}},"line":106},"3":{"name":"(anonymous_3)","decl":{"start":{"line":126,"column":39},"end":{"line":126,"column":40}},"loc":{"start":{"line":126,"column":59},"end":{"line":138,"column":1}},"line":126},"4":{"name":"(anonymous_4)","decl":{"start":{"line":140,"column":42},"end":{"line":140,"column":43}},"loc":{"start":{"line":140,"column":62},"end":{"line":164,"column":1}},"line":140},"5":{"name":"(anonymous_5)","decl":{"start":{"line":156,"column":33},"end":{"line":156,"column":34}},"loc":{"start":{"line":156,"column":47},"end":{"line":160,"column":5}},"line":156}},"branchMap":{"0":{"loc":{"start":{"line":35,"column":2},"end":{"line":39,"column":3}},"type":"if","locations":[{"start":{"line":35,"column":2},"end":{"line":39,"column":3}},{"start":{"line":37,"column":9},"end":{"line":39,"column":3}}],"line":35},"1":{"loc":{"start":{"line":37,"column":9},"end":{"line":39,"column":3}},"type":"if","locations":[{"start":{"line":37,"column":9},"end":{"line":39,"column":3}},{"start":{},"end":{}}],"line":37},"2":{"loc":{"start":{"line":41,"column":2},"end":{"line":44,"column":3}},"type":"if","locations":[{"start":{"line":41,"column":2},"end":{"line":44,"column":3}},{"start":{},"end":{}}],"line":41},"3":{"loc":{"start":{"line":54,"column":19},"end":{"line":54,"column":92}},"type":"binary-expr","locations":[{"start":{"line":54,"column":19},"end":{"line":54,"column":27}},{"start":{"line":54,"column":32},"end":{"line":54,"column":91}}],"line":54},"4":{"loc":{"start":{"line":54,"column":32},"end":{"line":54,"column":91}},"type":"cond-expr","locations":[{"start":{"line":54,"column":46},"end":{"line":54,"column":84}},{"start":{"line":54,"column":87},"end":{"line":54,"column":91}}],"line":54},"5":{"loc":{"start":{"line":59,"column":12},"end":{"line":59,"column":46}},"type":"binary-expr","locations":[{"start":{"line":59,"column":12},"end":{"line":59,"column":16}},{"start":{"line":59,"column":20},"end":{"line":59,"column":34}},{"start":{"line":59,"column":38},"end":{"line":59,"column":46}}],"line":59},"6":{"loc":{"start":{"line":65,"column":17},"end":{"line":65,"column":61}},"type":"cond-expr","locations":[{"start":{"line":65,"column":29},"end":{"line":65,"column":48}},{"start":{"line":65,"column":51},"end":{"line":65,"column":61}}],"line":65},"7":{"loc":{"start":{"line":71,"column":13},"end":{"line":71,"column":51}},"type":"binary-expr","locations":[{"start":{"line":71,"column":13},"end":{"line":71,"column":26}},{"start":{"line":71,"column":30},"end":{"line":71,"column":38}},{"start":{"line":71,"column":42},"end":{"line":71,"column":51}}],"line":71},"8":{"loc":{"start":{"line":77,"column":2},"end":{"line":82,"column":3}},"type":"if","locations":[{"start":{"line":77,"column":2},"end":{"line":82,"column":3}},{"start":{},"end":{}}],"line":77},"9":{"loc":{"start":{"line":77,"column":6},"end":{"line":77,"column":30}},"type":"binary-expr","locations":[{"start":{"line":77,"column":6},"end":{"line":77,"column":15}},{"start":{"line":77,"column":19},"end":{"line":77,"column":30}}],"line":77},"10":{"loc":{"start":{"line":87,"column":22},"end":{"line":87,"column":77}},"type":"binary-expr","locations":[{"start":{"line":87,"column":22},"end":{"line":87,"column":33}},{"start":{"line":87,"column":37},"end":{"line":87,"column":77}}],"line":87},"11":{"loc":{"start":{"line":103,"column":60},"end":{"line":103,"column":86}},"type":"binary-expr","locations":[{"start":{"line":103,"column":60},"end":{"line":103,"column":69}},{"start":{"line":103,"column":73},"end":{"line":103,"column":86}}],"line":103},"12":{"loc":{"start":{"line":110,"column":2},"end":{"line":112,"column":3}},"type":"if","locations":[{"start":{"line":110,"column":2},"end":{"line":112,"column":3}},{"start":{},"end":{}}],"line":110},"13":{"loc":{"start":{"line":132,"column":2},"end":{"line":135,"column":3}},"type":"if","locations":[{"start":{"line":132,"column":2},"end":{"line":135,"column":3}},{"start":{},"end":{}}],"line":132},"14":{"loc":{"start":{"line":155,"column":2},"end":{"line":161,"column":3}},"type":"if","locations":[{"start":{"line":155,"column":2},"end":{"line":161,"column":3}},{"start":{},"end":{}}],"line":155},"15":{"loc":{"start":{"line":155,"column":6},"end":{"line":155,"column":50}},"type":"binary-expr","locations":[{"start":{"line":155,"column":6},"end":{"line":155,"column":26}},{"start":{"line":155,"column":30},"end":{"line":155,"column":50}}],"line":155},"16":{"loc":{"start":{"line":157,"column":20},"end":{"line":157,"column":42}},"type":"binary-expr","locations":[{"start":{"line":157,"column":20},"end":{"line":157,"column":37}},{"start":{"line":157,"column":41},"end":{"line":157,"column":42}}],"line":157},"17":{"loc":{"start":{"line":158,"column":20},"end":{"line":158,"column":43}},"type":"binary-expr","locations":[{"start":{"line":158,"column":20},"end":{"line":158,"column":38}},{"start":{"line":158,"column":42},"end":{"line":158,"column":43}}],"line":158}},"s":{"0":3,"1":3,"2":3,"3":3,"4":3,"5":3,"6":3,"7":3,"8":3,"9":3,"10":3,"11":0,"12":0,"13":0,"14":3,"15":0,"16":0,"17":0,"18":0,"19":0,"20":0,"21":0,"22":0,"23":0,"24":0,"25":0,"26":0,"27":0,"28":0,"29":0,"30":0,"31":0,"32":0,"33":0,"34":0,"35":3,"36":0,"37":0,"38":0,"39":0,"40":0,"41":0,"42":0,"43":3,"44":0,"45":0,"46":0,"47":0,"48":0,"49":3,"50":0,"51":0,"52":0,"53":0,"54":0,"55":0,"56":0,"57":0,"58":0,"59":0},"f":{"0":0,"1":0,"2":0,"3":0,"4":0,"5":0},"b":{"0":[0,0],"1":[0,0],"2":[0,0],"3":[0,0],"4":[0,0],"5":[0,0,0],"6":[0,0],"7":[0,0,0],"8":[0,0],"9":[0,0],"10":[0,0],"11":[0,0],"12":[0,0],"13":[0,0],"14":[0,0],"15":[0,0],"16":[0,0],"17":[0,0]},"_coverageSchema":"1a1c01bbd47fc00a2c39e90264f33305004495a9","hash":"cc3049829a64b32f8a523065ff00d833df105ab4"}
,"/workspaces/AINA/controllers/notificationController.js": {"path":"/workspaces/AINA/controllers/notificationController.js","statementMap":{"0":{"start":{"line":1,"column":25},"end":{"line":1,"column":50}},"1":{"start":{"line":2,"column":21},"end":{"line":2,"column":53}},"2":{"start":{"line":4,"column":15},"end":{"line":4,"column":33}},"3":{"start":{"line":6,"column":0},"end":{"line":16,"column":3}},"4":{"start":{"line":7,"column":30},"end":{"line":7,"column":38}},"5":{"start":{"line":9,"column":16},"end":{"line":13,"column":4}},"6":{"start":{"line":15,"column":2},"end":{"line":15,"column":30}}},"fnMap":{"0":{"name":"(anonymous_0)","decl":{"start":{"line":6,"column":43},"end":{"line":6,"column":44}},"loc":{"start":{"line":6,"column":63},"end":{"line":16,"column":1}},"line":6}},"branchMap":{},"s":{"0":3,"1":3,"2":3,"3":3,"4":0,"5":0,"6":0},"f":{"0":0},"b":{},"_coverageSchema":"1a1c01bbd47fc00a2c39e90264f33305004495a9","hash":"1cf4f4b3451df573df8b2ca3b9c11db8f786e095"}
,"/workspaces/AINA/controllers/reportController.js": {"path":"/workspaces/AINA/controllers/reportController.js","statementMap":{"0":{"start":{"line":1,"column":25},"end":{"line":1,"column":50}},"1":{"start":{"line":2,"column":21},"end":{"line":2,"column":53}},"2":{"start":{"line":3,"column":33},"end":{"line":3,"column":70}},"3":{"start":{"line":4,"column":48},"end":{"line":4,"column":89}},"4":{"start":{"line":6,"column":15},"end":{"line":6,"column":33}},"5":{"start":{"line":8,"column":0},"end":{"line":26,"column":3}},"6":{"start":{"line":9,"column":20},"end":{"line":12,"column":4}},"7":{"start":{"line":14,"column":19},"end":{"line":17,"column":4}},"8":{"start":{"line":19,"column":18},"end":{"line":19,"column":49}},"9":{"start":{"line":20,"column":25},"end":{"line":23,"column":14}},"10":{"start":{"line":22,"column":16},"end":{"line":22,"column":30}},"11":{"start":{"line":25,"column":2},"end":{"line":25,"column":53}},"12":{"start":{"line":28,"column":0},"end":{"line":41,"column":3}},"13":{"start":{"line":29,"column":20},"end":{"line":32,"column":4}},"14":{"start":{"line":33,"column":19},"end":{"line":36,"column":4}},"15":{"start":{"line":37,"column":18},"end":{"line":37,"column":49}},"16":{"start":{"line":38,"column":19},"end":{"line":38,"column":48}},"17":{"start":{"line":40,"column":2},"end":{"line":40,"column":44}},"18":{"start":{"line":43,"column":0},"end":{"line":70,"column":3}},"19":{"start":{"line":44,"column":15},"end":{"line":44,"column":75}},"20":{"start":{"line":45,"column":20},"end":{"line":48,"column":4}},"21":{"start":{"line":49,"column":19},"end":{"line":52,"column":4}},"22":{"start":{"line":53,"column":18},"end":{"line":53,"column":49}},"23":{"start":{"line":54,"column":19},"end":{"line":54,"column":48}},"24":{"start":{"line":55,"column":25},"end":{"line":58,"column":14}},"25":{"start":{"line":57,"column":16},"end":{"line":57,"column":30}},"26":{"start":{"line":60,"column":17},"end":{"line":65,"column":4}},"27":{"start":{"line":67,"column":2},"end":{"line":67,"column":51}},"28":{"start":{"line":68,"column":2},"end":{"line":68,"column":87}},"29":{"start":{"line":69,"column":2},"end":{"line":69,"column":19}}},"fnMap":{"0":{"name":"(anonymous_0)","decl":{"start":{"line":8,"column":34},"end":{"line":8,"column":35}},"loc":{"start":{"line":8,"column":54},"end":{"line":26,"column":1}},"line":8},"1":{"name":"(anonymous_1)","decl":{"start":{"line":22,"column":9},"end":{"line":22,"column":10}},"loc":{"start":{"line":22,"column":16},"end":{"line":22,"column":30}},"line":22},"2":{"name":"(anonymous_2)","decl":{"start":{"line":28,"column":40},"end":{"line":28,"column":41}},"loc":{"start":{"line":28,"column":60},"end":{"line":41,"column":1}},"line":28},"3":{"name":"(anonymous_3)","decl":{"start":{"line":43,"column":39},"end":{"line":43,"column":40}},"loc":{"start":{"line":43,"column":59},"end":{"line":70,"column":1}},"line":43},"4":{"name":"(anonymous_4)","decl":{"start":{"line":57,"column":9},"end":{"line":57,"column":10}},"loc":{"start":{"line":57,"column":16},"end":{"line":57,"column":30}},"line":57}},"branchMap":{"0":{"loc":{"start":{"line":61,"column":15},"end":{"line":61,"column":39}},"type":"binary-expr","locations":[{"start":{"line":61,"column":15},"end":{"line":61,"column":26}},{"start":{"line":61,"column":30},"end":{"line":61,"column":39}}],"line":61}},"s":{"0":3,"1":3,"2":3,"3":3,"4":3,"5":3,"6":0,"7":0,"8":0,"9":0,"10":0,"11":0,"12":3,"13":0,"14":0,"15":0,"16":0,"17":0,"18":3,"19":0,"20":0,"21":0,"22":0,"23":0,"24":0,"25":0,"26":0,"27":0,"28":0,"29":0},"f":{"0":0,"1":0,"2":0,"3":0,"4":0},"b":{"0":[0,0]},"_coverageSchema":"1a1c01bbd47fc00a2c39e90264f33305004495a9","hash":"16fdb317ec68b81377d5f174eca8d679198a3108"}
,"/workspaces/AINA/controllers/sosController.js": {"path":"/workspaces/AINA/controllers/sosController.js","statementMap":{"0":{"start":{"line":1,"column":25},"end":{"line":1,"column":50}},"1":{"start":{"line":2,"column":15},"end":{"line":2,"column":32}},"2":{"start":{"line":3,"column":21},"end":{"line":3,"column":53}},"3":{"start":{"line":4,"column":34},"end":{"line":4,"column":76}},"4":{"start":{"line":5,"column":32},"end":{"line":5,"column":69}},"5":{"start":{"line":6,"column":22},"end":{"line":6,"column":60}},"6":{"start":{"line":8,"column":15},"end":{"line":8,"column":33}},"7":{"start":{"line":10,"column":0},"end":{"line":67,"column":3}},"8":{"start":{"line":11,"column":77},"end":{"line":11,"column":85}},"9":{"start":{"line":13,"column":19},"end":{"line":16,"column":4}},"10":{"start":{"line":18,"column":20},"end":{"line":18,"column":31}},"11":{"start":{"line":19,"column":22},"end":{"line":19,"column":24}},"12":{"start":{"line":21,"column":2},"end":{"line":28,"column":3}},"13":{"start":{"line":22,"column":25},"end":{"line":22,"column":97}},"14":{"start":{"line":23,"column":4},"end":{"line":23,"column":40}},"15":{"start":{"line":24,"column":4},"end":{"line":24,"column":45}},"16":{"start":{"line":26,"column":4},"end":{"line":26,"column":33}},"17":{"start":{"line":27,"column":4},"end":{"line":27,"column":94}},"18":{"start":{"line":27,"column":41},"end":{"line":27,"column":91}},"19":{"start":{"line":30,"column":28},"end":{"line":30,"column":88}},"20":{"start":{"line":32,"column":14},"end":{"line":42,"column":4}},"21":{"start":{"line":44,"column":21},"end":{"line":44,"column":60}},"22":{"start":{"line":45,"column":2},"end":{"line":62,"column":5}},"23":{"start":{"line":64,"column":2},"end":{"line":64,"column":96}},"24":{"start":{"line":66,"column":2},"end":{"line":66,"column":61}}},"fnMap":{"0":{"name":"(anonymous_0)","decl":{"start":{"line":10,"column":34},"end":{"line":10,"column":35}},"loc":{"start":{"line":10,"column":54},"end":{"line":67,"column":1}},"line":10},"1":{"name":"(anonymous_1)","decl":{"start":{"line":27,"column":33},"end":{"line":27,"column":34}},"loc":{"start":{"line":27,"column":41},"end":{"line":27,"column":91}},"line":27}},"branchMap":{"0":{"loc":{"start":{"line":11,"column":58},"end":{"line":11,"column":72}},"type":"default-arg","locations":[{"start":{"line":11,"column":71},"end":{"line":11,"column":72}}],"line":11},"1":{"loc":{"start":{"line":49,"column":21},"end":{"line":49,"column":68}},"type":"binary-expr","locations":[{"start":{"line":49,"column":21},"end":{"line":49,"column":41}},{"start":{"line":49,"column":45},"end":{"line":49,"column":68}}],"line":49},"2":{"loc":{"start":{"line":52,"column":16},"end":{"line":52,"column":48}},"type":"binary-expr","locations":[{"start":{"line":52,"column":16},"end":{"line":52,"column":36}},{"start":{"line":52,"column":40},"end":{"line":52,"column":48}}],"line":52},"3":{"loc":{"start":{"line":58,"column":16},"end":{"line":58,"column":49}},"type":"cond-expr","locations":[{"start":{"line":58,"column":39},"end":{"line":58,"column":42}},{"start":{"line":58,"column":45},"end":{"line":58,"column":49}}],"line":58},"4":{"loc":{"start":{"line":59,"column":17},"end":{"line":59,"column":50}},"type":"cond-expr","locations":[{"start":{"line":59,"column":40},"end":{"line":59,"column":43}},{"start":{"line":59,"column":46},"end":{"line":59,"column":50}}],"line":59}},"s":{"0":3,"1":3,"2":3,"3":3,"4":3,"5":3,"6":3,"7":3,"8":0,"9":0,"10":0,"11":0,"12":0,"13":0,"14":0,"15":0,"16":0,"17":0,"18":0,"19":0,"20":0,"21":0,"22":0,"23":0,"24":0},"f":{"0":0,"1":0},"b":{"0":[0],"1":[0,0],"2":[0,0],"3":[0,0],"4":[0,0]},"_coverageSchema":"1a1c01bbd47fc00a2c39e90264f33305004495a9","hash":"89bf7ffd1a4af3882c1d202152f6fd7bb6e41059"}
,"/workspaces/AINA/middleware/authMiddleware.js": {"path":"/workspaces/AINA/middleware/authMiddleware.js","statementMap":{"0":{"start":{"line":1,"column":12},"end":{"line":1,"column":35}},"1":{"start":{"line":3,"column":0},"end":{"line":14,"column":2}},"2":{"start":{"line":4,"column":16},"end":{"line":4,"column":56}},"3":{"start":{"line":5,"column":2},"end":{"line":5,"column":67}},"4":{"start":{"line":5,"column":14},"end":{"line":5,"column":67}},"5":{"start":{"line":7,"column":2},"end":{"line":13,"column":3}},"6":{"start":{"line":8,"column":20},"end":{"line":8,"column":61}},"7":{"start":{"line":9,"column":4},"end":{"line":9,"column":23}},"8":{"start":{"line":10,"column":4},"end":{"line":10,"column":11}},"9":{"start":{"line":12,"column":4},"end":{"line":12,"column":55}}},"fnMap":{"0":{"name":"(anonymous_0)","decl":{"start":{"line":3,"column":17},"end":{"line":3,"column":18}},"loc":{"start":{"line":3,"column":37},"end":{"line":14,"column":1}},"line":3}},"branchMap":{"0":{"loc":{"start":{"line":5,"column":2},"end":{"line":5,"column":67}},"type":"if","locations":[{"start":{"line":5,"column":2},"end":{"line":5,"column":67}},{"start":{},"end":{}}],"line":5}},"s":{"0":0,"1":0,"2":0,"3":0,"4":0,"5":0,"6":0,"7":0,"8":0,"9":0},"f":{"0":0},"b":{"0":[0,0]}}
,"/workspaces/AINA/middleware/errorMiddleware.js": {"path":"/workspaces/AINA/middleware/errorMiddleware.js","statementMap":{"0":{"start":{"line":1,"column":15},"end":{"line":1,"column":44}},"1":{"start":{"line":4,"column":2},"end":{"line":4,"column":18}},"2":{"start":{"line":5,"column":2},"end":{"line":5,"column":57}},"3":{"start":{"line":9,"column":21},"end":{"line":9,"column":66}},"4":{"start":{"line":11,"column":2},"end":{"line":17,"column":5}},"5":{"start":{"line":19,"column":2},"end":{"line":22,"column":3}},"6":{"start":{"line":20,"column":19},"end":{"line":20,"column":42}},"7":{"start":{"line":21,"column":4},"end":{"line":21,"column":33}},"8":{"start":{"line":24,"column":2},"end":{"line":31,"column":5}},"9":{"start":{"line":34,"column":0},"end":{"line":34,"column":44}}},"fnMap":{"0":{"name":"notFound","decl":{"start":{"line":3,"column":9},"end":{"line":3,"column":17}},"loc":{"start":{"line":3,"column":34},"end":{"line":6,"column":1}},"line":3},"1":{"name":"errorHandler","decl":{"start":{"line":8,"column":9},"end":{"line":8,"column":21}},"loc":{"start":{"line":8,"column":43},"end":{"line":32,"column":1}},"line":8}},"branchMap":{"0":{"loc":{"start":{"line":9,"column":21},"end":{"line":9,"column":66}},"type":"cond-expr","locations":[{"start":{"line":9,"column":46},"end":{"line":9,"column":49}},{"start":{"line":9,"column":52},"end":{"line":9,"column":66}}],"line":9},"1":{"loc":{"start":{"line":16,"column":11},"end":{"line":16,"column":72}},"type":"cond-expr","locations":[{"start":{"line":16,"column":51},"end":{"line":16,"column":60}},{"start":{"line":16,"column":63},"end":{"line":16,"column":72}}],"line":16},"2":{"loc":{"start":{"line":19,"column":2},"end":{"line":22,"column":3}},"type":"if","locations":[{"start":{"line":19,"column":2},"end":{"line":22,"column":3}},{"start":{},"end":{}}],"line":19},"3":{"loc":{"start":{"line":27,"column":15},"end":{"line":27,"column":53}},"type":"binary-expr","locations":[{"start":{"line":27,"column":15},"end":{"line":27,"column":26}},{"start":{"line":27,"column":30},"end":{"line":27,"column":53}}],"line":27},"4":{"loc":{"start":{"line":30,"column":8},"end":{"line":30,"column":73}},"type":"cond-expr","locations":[{"start":{"line":30,"column":48},"end":{"line":30,"column":68}},{"start":{"line":30,"column":71},"end":{"line":30,"column":73}}],"line":30}},"s":{"0":3,"1":0,"2":0,"3":4,"4":4,"5":4,"6":0,"7":0,"8":4,"9":3},"f":{"0":0,"1":4},"b":{"0":[4,0],"1":[4,0],"2":[0,4],"3":[4,0],"4":[4,0]},"_coverageSchema":"1a1c01bbd47fc00a2c39e90264f33305004495a9","hash":"cd628a417bf65030bf43ee80c239e764a8adf05a"}
,"/workspaces/AINA/middleware/sanitizeInput.js": {"path":"/workspaces/AINA/middleware/sanitizeInput.js","statementMap":{"0":{"start":{"line":2,"column":2},"end":{"line":7,"column":3}},"1":{"start":{"line":3,"column":4},"end":{"line":6,"column":14}},"2":{"start":{"line":9,"column":2},"end":{"line":11,"column":3}},"3":{"start":{"line":10,"column":4},"end":{"line":10,"column":36}},"4":{"start":{"line":13,"column":2},"end":{"line":19,"column":3}},"5":{"start":{"line":14,"column":20},"end":{"line":14,"column":22}},"6":{"start":{"line":15,"column":4},"end":{"line":17,"column":7}},"7":{"start":{"line":16,"column":6},"end":{"line":16,"column":47}},"8":{"start":{"line":18,"column":4},"end":{"line":18,"column":19}},"9":{"start":{"line":21,"column":2},"end":{"line":21,"column":15}},"10":{"start":{"line":24,"column":0},"end":{"line":28,"column":2}},"11":{"start":{"line":25,"column":2},"end":{"line":25,"column":51}},"12":{"start":{"line":25,"column":16},"end":{"line":25,"column":51}},"13":{"start":{"line":26,"column":2},"end":{"line":26,"column":54}},"14":{"start":{"line":26,"column":17},"end":{"line":26,"column":54}},"15":{"start":{"line":27,"column":2},"end":{"line":27,"column":9}}},"fnMap":{"0":{"name":"sanitizeValue","decl":{"start":{"line":1,"column":9},"end":{"line":1,"column":22}},"loc":{"start":{"line":1,"column":30},"end":{"line":22,"column":1}},"line":1},"1":{"name":"(anonymous_1)","decl":{"start":{"line":15,"column":31},"end":{"line":15,"column":32}},"loc":{"start":{"line":15,"column":40},"end":{"line":17,"column":5}},"line":15},"2":{"name":"(anonymous_2)","decl":{"start":{"line":24,"column":17},"end":{"line":24,"column":18}},"loc":{"start":{"line":24,"column":37},"end":{"line":28,"column":1}},"line":24}},"branchMap":{"0":{"loc":{"start":{"line":2,"column":2},"end":{"line":7,"column":3}},"type":"if","locations":[{"start":{"line":2,"column":2},"end":{"line":7,"column":3}},{"start":{},"end":{}}],"line":2},"1":{"loc":{"start":{"line":9,"column":2},"end":{"line":11,"column":3}},"type":"if","locations":[{"start":{"line":9,"column":2},"end":{"line":11,"column":3}},{"start":{},"end":{}}],"line":9},"2":{"loc":{"start":{"line":13,"column":2},"end":{"line":19,"column":3}},"type":"if","locations":[{"start":{"line":13,"column":2},"end":{"line":19,"column":3}},{"start":{},"end":{}}],"line":13},"3":{"loc":{"start":{"line":13,"column":6},"end":{"line":13,"column":40}},"type":"binary-expr","locations":[{"start":{"line":13,"column":6},"end":{"line":13,"column":11}},{"start":{"line":13,"column":15},"end":{"line":13,"column":40}}],"line":13},"4":{"loc":{"start":{"line":25,"column":2},"end":{"line":25,"column":51}},"type":"if","locations":[{"start":{"line":25,"column":2},"end":{"line":25,"column":51}},{"start":{},"end":{}}],"line":25},"5":{"loc":{"start":{"line":26,"column":2},"end":{"line":26,"column":54}},"type":"if","locations":[{"start":{"line":26,"column":2},"end":{"line":26,"column":54}},{"start":{},"end":{}}],"line":26}},"s":{"0":41,"1":12,"2":29,"3":1,"4":28,"5":25,"6":25,"7":15,"8":25,"9":3,"10":4,"11":12,"12":12,"13":12,"14":12,"15":12},"f":{"0":41,"1":15,"2":12},"b":{"0":[12,29],"1":[1,28],"2":[25,3],"3":[28,27],"4":[12,0],"5":[12,0]},"_coverageSchema":"1a1c01bbd47fc00a2c39e90264f33305004495a9","hash":"54b7eabeba5d18143487024d019d63415366de05"}
,"/workspaces/AINA/middleware/securityMiddleware.js": {"path":"/workspaces/AINA/middleware/securityMiddleware.js","statementMap":{"0":{"start":{"line":1,"column":25},"end":{"line":1,"column":50}},"1":{"start":{"line":2,"column":21},"end":{"line":2,"column":53}},"2":{"start":{"line":4,"column":15},"end":{"line":4,"column":33}},"3":{"start":{"line":6,"column":0},"end":{"line":34,"column":3}},"4":{"start":{"line":7,"column":2},"end":{"line":7,"column":31}},"5":{"start":{"line":7,"column":17},"end":{"line":7,"column":31}},"6":{"start":{"line":9,"column":16},"end":{"line":9,"column":46}},"7":{"start":{"line":10,"column":26},"end":{"line":10,"column":60}},"8":{"start":{"line":12,"column":2},"end":{"line":15,"column":3}},"9":{"start":{"line":13,"column":4},"end":{"line":13,"column":20}},"10":{"start":{"line":14,"column":4},"end":{"line":14,"column":57}},"11":{"start":{"line":17,"column":20},"end":{"line":17,"column":43}},"12":{"start":{"line":18,"column":2},"end":{"line":21,"column":3}},"13":{"start":{"line":19,"column":4},"end":{"line":19,"column":20}},"14":{"start":{"line":20,"column":4},"end":{"line":20,"column":47}},"15":{"start":{"line":23,"column":19},"end":{"line":23,"column":77}},"16":{"start":{"line":24,"column":2},"end":{"line":27,"column":3}},"17":{"start":{"line":25,"column":4},"end":{"line":25,"column":20}},"18":{"start":{"line":26,"column":4},"end":{"line":26,"column":46}},"19":{"start":{"line":29,"column":2},"end":{"line":31,"column":5}},"20":{"start":{"line":33,"column":2},"end":{"line":33,"column":9}}},"fnMap":{"0":{"name":"(anonymous_0)","decl":{"start":{"line":6,"column":40},"end":{"line":6,"column":41}},"loc":{"start":{"line":6,"column":66},"end":{"line":34,"column":1}},"line":6}},"branchMap":{"0":{"loc":{"start":{"line":7,"column":2},"end":{"line":7,"column":31}},"type":"if","locations":[{"start":{"line":7,"column":2},"end":{"line":7,"column":31}},{"start":{},"end":{}}],"line":7},"1":{"loc":{"start":{"line":12,"column":2},"end":{"line":15,"column":3}},"type":"if","locations":[{"start":{"line":12,"column":2},"end":{"line":15,"column":3}},{"start":{},"end":{}}],"line":12},"2":{"loc":{"start":{"line":12,"column":6},"end":{"line":12,"column":32}},"type":"binary-expr","locations":[{"start":{"line":12,"column":6},"end":{"line":12,"column":12}},{"start":{"line":12,"column":16},"end":{"line":12,"column":32}}],"line":12},"3":{"loc":{"start":{"line":18,"column":2},"end":{"line":21,"column":3}},"type":"if","locations":[{"start":{"line":18,"column":2},"end":{"line":21,"column":3}},{"start":{},"end":{}}],"line":18},"4":{"loc":{"start":{"line":18,"column":6},"end":{"line":18,"column":85}},"type":"binary-expr","locations":[{"start":{"line":18,"column":6},"end":{"line":18,"column":33}},{"start":{"line":18,"column":37},"end":{"line":18,"column":85}}],"line":18},"5":{"loc":{"start":{"line":24,"column":2},"end":{"line":27,"column":3}},"type":"if","locations":[{"start":{"line":24,"column":2},"end":{"line":27,"column":3}},{"start":{},"end":{}}],"line":24}},"s":{"0":3,"1":3,"2":3,"3":3,"4":0,"5":0,"6":0,"7":0,"8":0,"9":0,"10":0,"11":0,"12":0,"13":0,"14":0,"15":0,"16":0,"17":0,"18":0,"19":0,"20":0},"f":{"0":0},"b":{"0":[0,0],"1":[0,0],"2":[0,0],"3":[0,0],"4":[0,0],"5":[0,0]},"_coverageSchema":"1a1c01bbd47fc00a2c39e90264f33305004495a9","hash":"78f824949e1ef317f8a1b0d6ab13452c09292267"}
,"/workspaces/AINA/middleware/validate.js": {"path":"/workspaces/AINA/middleware/validate.js","statementMap":{"0":{"start":{"line":1,"column":0},"end":{"line":21,"column":2}},"1":{"start":{"line":2,"column":2},"end":{"line":20,"column":4}},"2":{"start":{"line":3,"column":19},"end":{"line":3,"column":45}},"3":{"start":{"line":4,"column":4},"end":{"line":16,"column":5}},"4":{"start":{"line":5,"column":6},"end":{"line":15,"column":9}},"5":{"start":{"line":10,"column":55},"end":{"line":13,"column":11}},"6":{"start":{"line":18,"column":4},"end":{"line":18,"column":27}},"7":{"start":{"line":19,"column":4},"end":{"line":19,"column":11}}},"fnMap":{"0":{"name":"validate","decl":{"start":{"line":1,"column":26},"end":{"line":1,"column":34}},"loc":{"start":{"line":1,"column":43},"end":{"line":21,"column":1}},"line":1},"1":{"name":"(anonymous_1)","decl":{"start":{"line":2,"column":9},"end":{"line":2,"column":10}},"loc":{"start":{"line":2,"column":29},"end":{"line":20,"column":3}},"line":2},"2":{"name":"(anonymous_2)","decl":{"start":{"line":10,"column":43},"end":{"line":10,"column":44}},"loc":{"start":{"line":10,"column":55},"end":{"line":13,"column":11}},"line":10}},"branchMap":{"0":{"loc":{"start":{"line":4,"column":4},"end":{"line":16,"column":5}},"type":"if","locations":[{"start":{"line":4,"column":4},"end":{"line":16,"column":5}},{"start":{},"end":{}}],"line":4}},"s":{"0":4,"1":30,"2":3,"3":3,"4":2,"5":4,"6":1,"7":1},"f":{"0":30,"1":3,"2":4},"b":{"0":[2,1]},"_coverageSchema":"1a1c01bbd47fc00a2c39e90264f33305004495a9","hash":"418851db9c53d547351e7124bccfdb8876155059"}
,"/workspaces/AINA/routes/aiRoutes.js": {"path":"/workspaces/AINA/routes/aiRoutes.js","statementMap":{"0":{"start":{"line":1,"column":15},"end":{"line":1,"column":42}},"1":{"start":{"line":2,"column":13},"end":{"line":2,"column":53}},"2":{"start":{"line":3,"column":24},"end":{"line":3,"column":62}},"3":{"start":{"line":5,"column":0},"end":{"line":5,"column":43}},"4":{"start":{"line":7,"column":0},"end":{"line":7,"column":24}}},"fnMap":{},"branchMap":{},"s":{"0":3,"1":3,"2":3,"3":3,"4":3},"f":{},"b":{},"_coverageSchema":"1a1c01bbd47fc00a2c39e90264f33305004495a9","hash":"61c4fb0c00d9b8add6d3c2e9333421934e7b5a69"}
,"/workspaces/AINA/routes/authRoutes.js": {"path":"/workspaces/AINA/routes/authRoutes.js","statementMap":{"0":{"start":{"line":1,"column":15},"end":{"line":1,"column":42}},"1":{"start":{"line":2,"column":17},"end":{"line":2,"column":50}},"2":{"start":{"line":7,"column":4},"end":{"line":7,"column":37}},"3":{"start":{"line":8,"column":50},"end":{"line":8,"column":90}},"4":{"start":{"line":27,"column":0},"end":{"line":27,"column":65}},"5":{"start":{"line":46,"column":0},"end":{"line":46,"column":56}},"6":{"start":{"line":65,"column":0},"end":{"line":65,"column":68}},"7":{"start":{"line":84,"column":0},"end":{"line":84,"column":61}},"8":{"start":{"line":86,"column":0},"end":{"line":86,"column":24}}},"fnMap":{},"branchMap":{},"s":{"0":3,"1":3,"2":3,"3":3,"4":3,"5":3,"6":3,"7":3,"8":3},"f":{},"b":{},"_coverageSchema":"1a1c01bbd47fc00a2c39e90264f33305004495a9","hash":"5ef464b2734cd6a6d04850b87792d7ae88ef920e"}
,"/workspaces/AINA/routes/contactRoutes.js": {"path":"/workspaces/AINA/routes/contactRoutes.js","statementMap":{"0":{"start":{"line":1,"column":15},"end":{"line":1,"column":42}},"1":{"start":{"line":2,"column":13},"end":{"line":2,"column":53}},"2":{"start":{"line":3,"column":17},"end":{"line":3,"column":50}},"3":{"start":{"line":4,"column":26},"end":{"line":4,"column":59}},"4":{"start":{"line":5,"column":36},"end":{"line":5,"column":79}},"5":{"start":{"line":7,"column":0},"end":{"line":7,"column":60}},"6":{"start":{"line":8,"column":0},"end":{"line":8,"column":35}},"7":{"start":{"line":10,"column":0},"end":{"line":10,"column":24}}},"fnMap":{},"branchMap":{},"s":{"0":3,"1":3,"2":3,"3":3,"4":3,"5":3,"6":3,"7":3},"f":{},"b":{},"_coverageSchema":"1a1c01bbd47fc00a2c39e90264f33305004495a9","hash":"6d449a92ce1af104840731947cb8d73711a35056"}
,"/workspaces/AINA/routes/incidentRoutes.js": {"path":"/workspaces/AINA/routes/incidentRoutes.js","statementMap":{"0":{"start":{"line":1,"column":15},"end":{"line":1,"column":42}},"1":{"start":{"line":2,"column":13},"end":{"line":2,"column":53}},"2":{"start":{"line":3,"column":29},"end":{"line":3,"column":72}},"3":{"start":{"line":4,"column":17},"end":{"line":4,"column":50}},"4":{"start":{"line":5,"column":50},"end":{"line":5,"column":83}},"5":{"start":{"line":11,"column":4},"end":{"line":11,"column":48}},"6":{"start":{"line":13,"column":0},"end":{"line":13,"column":80}},"7":{"start":{"line":14,"column":0},"end":{"line":14,"column":83}},"8":{"start":{"line":15,"column":0},"end":{"line":15,"column":36}},"9":{"start":{"line":16,"column":0},"end":{"line":16,"column":42}},"10":{"start":{"line":18,"column":0},"end":{"line":18,"column":24}}},"fnMap":{},"branchMap":{},"s":{"0":3,"1":3,"2":3,"3":3,"4":3,"5":3,"6":3,"7":3,"8":3,"9":3,"10":3},"f":{},"b":{},"_coverageSchema":"1a1c01bbd47fc00a2c39e90264f33305004495a9","hash":"773263ad61ee50562c3f00476cbb7dfb8d15d8e1"}
,"/workspaces/AINA/routes/incidentsRoutes.js": {"path":"/workspaces/AINA/routes/incidentsRoutes.js","statementMap":{"0":{"start":{"line":1,"column":15},"end":{"line":1,"column":42}},"1":{"start":{"line":2,"column":13},"end":{"line":2,"column":53}},"2":{"start":{"line":3,"column":31},"end":{"line":3,"column":75}},"3":{"start":{"line":5,"column":0},"end":{"line":5,"column":48}},"4":{"start":{"line":7,"column":0},"end":{"line":7,"column":24}}},"fnMap":{},"branchMap":{},"s":{"0":3,"1":3,"2":3,"3":3,"4":3},"f":{},"b":{},"_coverageSchema":"1a1c01bbd47fc00a2c39e90264f33305004495a9","hash":"74cb603d654b29c5d42509e8ec95e1615898dcd9"}
,"/workspaces/AINA/routes/notificationRoutes.js": {"path":"/workspaces/AINA/routes/notificationRoutes.js","statementMap":{"0":{"start":{"line":1,"column":15},"end":{"line":1,"column":42}},"1":{"start":{"line":2,"column":13},"end":{"line":2,"column":53}},"2":{"start":{"line":3,"column":17},"end":{"line":3,"column":50}},"3":{"start":{"line":4,"column":30},"end":{"line":4,"column":63}},"4":{"start":{"line":5,"column":32},"end":{"line":5,"column":80}},"5":{"start":{"line":7,"column":0},"end":{"line":7,"column":85}},"6":{"start":{"line":9,"column":0},"end":{"line":9,"column":24}}},"fnMap":{},"branchMap":{},"s":{"0":3,"1":3,"2":3,"3":3,"4":3,"5":3,"6":3},"f":{},"b":{},"_coverageSchema":"1a1c01bbd47fc00a2c39e90264f33305004495a9","hash":"99d1452d84576cf5290737cfb4c4d0296a774626"}
,"/workspaces/AINA/routes/reportRoutes.js": {"path":"/workspaces/AINA/routes/reportRoutes.js","statementMap":{"0":{"start":{"line":1,"column":15},"end":{"line":1,"column":42}},"1":{"start":{"line":2,"column":13},"end":{"line":2,"column":53}},"2":{"start":{"line":7,"column":4},"end":{"line":7,"column":46}},"3":{"start":{"line":9,"column":0},"end":{"line":9,"column":41}},"4":{"start":{"line":10,"column":0},"end":{"line":10,"column":51}},"5":{"start":{"line":11,"column":0},"end":{"line":11,"column":49}},"6":{"start":{"line":13,"column":0},"end":{"line":13,"column":24}}},"fnMap":{},"branchMap":{},"s":{"0":3,"1":3,"2":3,"3":3,"4":3,"5":3,"6":3},"f":{},"b":{},"_coverageSchema":"1a1c01bbd47fc00a2c39e90264f33305004495a9","hash":"756b11923f1ef3413f7fc8f24d1b648864ce16ee"}
,"/workspaces/AINA/routes/sosRoutes.js": {"path":"/workspaces/AINA/routes/sosRoutes.js","statementMap":{"0":{"start":{"line":1,"column":15},"end":{"line":1,"column":42}},"1":{"start":{"line":2,"column":13},"end":{"line":2,"column":53}},"2":{"start":{"line":3,"column":29},"end":{"line":3,"column":72}},"3":{"start":{"line":4,"column":17},"end":{"line":4,"column":50}},"4":{"start":{"line":5,"column":22},"end":{"line":5,"column":55}},"5":{"start":{"line":6,"column":23},"end":{"line":6,"column":62}},"6":{"start":{"line":8,"column":0},"end":{"line":8,"column":81}},"7":{"start":{"line":10,"column":0},"end":{"line":10,"column":24}}},"fnMap":{},"branchMap":{},"s":{"0":3,"1":3,"2":3,"3":3,"4":3,"5":3,"6":3,"7":3},"f":{},"b":{},"_coverageSchema":"1a1c01bbd47fc00a2c39e90264f33305004495a9","hash":"b620631fdd766f2ffa2cf7901ed46bed232b770f"}
,"/workspaces/AINA/services/aiInsightsService.js": {"path":"/workspaces/AINA/services/aiInsightsService.js","statementMap":{"0":{"start":{"line":1,"column":25},"end":{"line":1,"column":50}},"1":{"start":{"line":2,"column":32},"end":{"line":2,"column":54}},"2":{"start":{"line":4,"column":15},"end":{"line":4,"column":33}},"3":{"start":{"line":7,"column":2},"end":{"line":7,"column":49}},"4":{"start":{"line":7,"column":35},"end":{"line":7,"column":49}},"5":{"start":{"line":8,"column":2},"end":{"line":8,"column":57}},"6":{"start":{"line":8,"column":41},"end":{"line":8,"column":57}},"7":{"start":{"line":9,"column":2},"end":{"line":9,"column":15}},"8":{"start":{"line":13,"column":13},"end":{"line":13,"column":44}},"9":{"start":{"line":14,"column":27},"end":{"line":14,"column":84}},"10":{"start":{"line":14,"column":54},"end":{"line":14,"column":83}},"11":{"start":{"line":15,"column":21},"end":{"line":15,"column":97}},"12":{"start":{"line":15,"column":58},"end":{"line":15,"column":96}},"13":{"start":{"line":16,"column":20},"end":{"line":20,"column":4}},"14":{"start":{"line":22,"column":23},"end":{"line":22,"column":187}},"15":{"start":{"line":24,"column":18},"end":{"line":34,"column":4}},"16":{"start":{"line":36,"column":2},"end":{"line":36,"column":25}},"17":{"start":{"line":39,"column":0},"end":{"line":39,"column":59}}},"fnMap":{"0":{"name":"riskFromSignals","decl":{"start":{"line":6,"column":9},"end":{"line":6,"column":24}},"loc":{"start":{"line":6,"column":89},"end":{"line":10,"column":1}},"line":6},"1":{"name":"buildAndStoreInsight","decl":{"start":{"line":12,"column":15},"end":{"line":12,"column":35}},"loc":{"start":{"line":12,"column":87},"end":{"line":37,"column":1}},"line":12},"2":{"name":"(anonymous_2)","decl":{"start":{"line":14,"column":47},"end":{"line":14,"column":48}},"loc":{"start":{"line":14,"column":54},"end":{"line":14,"column":83}},"line":14},"3":{"name":"(anonymous_3)","decl":{"start":{"line":15,"column":51},"end":{"line":15,"column":52}},"loc":{"start":{"line":15,"column":58},"end":{"line":15,"column":96}},"line":15}},"branchMap":{"0":{"loc":{"start":{"line":6,"column":27},"end":{"line":6,"column":39}},"type":"default-arg","locations":[{"start":{"line":6,"column":38},"end":{"line":6,"column":39}}],"line":6},"1":{"loc":{"start":{"line":6,"column":41},"end":{"line":6,"column":59}},"type":"default-arg","locations":[{"start":{"line":6,"column":54},"end":{"line":6,"column":59}}],"line":6},"2":{"loc":{"start":{"line":6,"column":61},"end":{"line":6,"column":85}},"type":"default-arg","locations":[{"start":{"line":6,"column":80},"end":{"line":6,"column":85}}],"line":6},"3":{"loc":{"start":{"line":7,"column":2},"end":{"line":7,"column":49}},"type":"if","locations":[{"start":{"line":7,"column":2},"end":{"line":7,"column":49}},{"start":{},"end":{}}],"line":7},"4":{"loc":{"start":{"line":7,"column":6},"end":{"line":7,"column":33}},"type":"binary-expr","locations":[{"start":{"line":7,"column":6},"end":{"line":7,"column":19}},{"start":{"line":7,"column":23},"end":{"line":7,"column":33}}],"line":7},"5":{"loc":{"start":{"line":8,"column":2},"end":{"line":8,"column":57}},"type":"if","locations":[{"start":{"line":8,"column":2},"end":{"line":8,"column":57}},{"start":{},"end":{}}],"line":8},"6":{"loc":{"start":{"line":8,"column":6},"end":{"line":8,"column":39}},"type":"binary-expr","locations":[{"start":{"line":8,"column":6},"end":{"line":8,"column":19}},{"start":{"line":8,"column":23},"end":{"line":8,"column":39}}],"line":8},"7":{"loc":{"start":{"line":12,"column":64},"end":{"line":12,"column":83}},"type":"default-arg","locations":[{"start":{"line":12,"column":81},"end":{"line":12,"column":83}}],"line":12},"8":{"loc":{"start":{"line":14,"column":54},"end":{"line":14,"column":83}},"type":"binary-expr","locations":[{"start":{"line":14,"column":54},"end":{"line":14,"column":61}},{"start":{"line":14,"column":65},"end":{"line":14,"column":83}}],"line":14},"9":{"loc":{"start":{"line":15,"column":59},"end":{"line":15,"column":76}},"type":"binary-expr","locations":[{"start":{"line":15,"column":59},"end":{"line":15,"column":71}},{"start":{"line":15,"column":75},"end":{"line":15,"column":76}}],"line":15},"10":{"loc":{"start":{"line":30,"column":24},"end":{"line":30,"column":56}},"type":"cond-expr","locations":[{"start":{"line":30,"column":43},"end":{"line":30,"column":49}},{"start":{"line":30,"column":52},"end":{"line":30,"column":56}}],"line":30}},"s":{"0":3,"1":3,"2":3,"3":0,"4":0,"5":0,"6":0,"7":0,"8":0,"9":0,"10":0,"11":0,"12":0,"13":0,"14":0,"15":0,"16":0,"17":3},"f":{"0":0,"1":0,"2":0,"3":0},"b":{"0":[0],"1":[0],"2":[0],"3":[0,0],"4":[0,0],"5":[0,0],"6":[0,0],"7":[0],"8":[0,0],"9":[0,0],"10":[0,0]},"_coverageSchema":"1a1c01bbd47fc00a2c39e90264f33305004495a9","hash":"72bd018c80015e6ed848066f3d5f0214da4c7f51"}
,"/workspaces/AINA/services/aiService.js": {"path":"/workspaces/AINA/services/aiService.js","statementMap":{"0":{"start":{"line":1,"column":23},"end":{"line":1,"column":68}},"1":{"start":{"line":4,"column":18},"end":{"line":4,"column":57}},"2":{"start":{"line":5,"column":2},"end":{"line":5,"column":29}},"3":{"start":{"line":9,"column":2},"end":{"line":11,"column":3}},"4":{"start":{"line":10,"column":4},"end":{"line":10,"column":16}},"5":{"start":{"line":14,"column":2},"end":{"line":23,"column":3}},"6":{"start":{"line":15,"column":4},"end":{"line":22,"column":6}},"7":{"start":{"line":25,"column":17},"end":{"line":25,"column":249}},"8":{"start":{"line":27,"column":14},"end":{"line":27,"column":138}},"9":{"start":{"line":28,"column":19},"end":{"line":35,"column":4}},"10":{"start":{"line":37,"column":2},"end":{"line":40,"column":3}},"11":{"start":{"line":38,"column":22},"end":{"line":38,"column":43}},"12":{"start":{"line":39,"column":4},"end":{"line":39,"column":78}},"13":{"start":{"line":42,"column":15},"end":{"line":42,"column":36}},"14":{"start":{"line":43,"column":14},"end":{"line":43,"column":62}},"15":{"start":{"line":45,"column":2},"end":{"line":47,"column":3}},"16":{"start":{"line":46,"column":4},"end":{"line":46,"column":54}},"17":{"start":{"line":49,"column":17},"end":{"line":49,"column":37}},"18":{"start":{"line":51,"column":2},"end":{"line":59,"column":4}},"19":{"start":{"line":62,"column":0},"end":{"line":62,"column":41}}},"fnMap":{"0":{"name":"parseGeminiJson","decl":{"start":{"line":3,"column":9},"end":{"line":3,"column":24}},"loc":{"start":{"line":3,"column":31},"end":{"line":6,"column":1}},"line":3},"1":{"name":"analyzeIncidentText","decl":{"start":{"line":8,"column":15},"end":{"line":8,"column":34}},"loc":{"start":{"line":8,"column":41},"end":{"line":60,"column":1}},"line":8}},"branchMap":{"0":{"loc":{"start":{"line":9,"column":2},"end":{"line":11,"column":3}},"type":"if","locations":[{"start":{"line":9,"column":2},"end":{"line":11,"column":3}},{"start":{},"end":{}}],"line":9},"1":{"loc":{"start":{"line":14,"column":2},"end":{"line":23,"column":3}},"type":"if","locations":[{"start":{"line":14,"column":2},"end":{"line":23,"column":3}},{"start":{},"end":{}}],"line":14},"2":{"loc":{"start":{"line":37,"column":2},"end":{"line":40,"column":3}},"type":"if","locations":[{"start":{"line":37,"column":2},"end":{"line":40,"column":3}},{"start":{},"end":{}}],"line":37},"3":{"loc":{"start":{"line":45,"column":2},"end":{"line":47,"column":3}},"type":"if","locations":[{"start":{"line":45,"column":2},"end":{"line":47,"column":3}},{"start":{},"end":{}}],"line":45},"4":{"loc":{"start":{"line":52,"column":14},"end":{"line":52,"column":83}},"type":"cond-expr","locations":[{"start":{"line":52,"column":57},"end":{"line":52,"column":72}},{"start":{"line":52,"column":75},"end":{"line":52,"column":83}}],"line":52},"5":{"loc":{"start":{"line":53,"column":9},"end":{"line":53,"column":32}},"type":"binary-expr","locations":[{"start":{"line":53,"column":9},"end":{"line":53,"column":19}},{"start":{"line":53,"column":23},"end":{"line":53,"column":32}}],"line":53},"6":{"loc":{"start":{"line":54,"column":10},"end":{"line":54,"column":34}},"type":"binary-expr","locations":[{"start":{"line":54,"column":10},"end":{"line":54,"column":21}},{"start":{"line":54,"column":25},"end":{"line":54,"column":34}}],"line":54},"7":{"loc":{"start":{"line":55,"column":10},"end":{"line":55,"column":71}},"type":"cond-expr","locations":[{"start":{"line":55,"column":49},"end":{"line":55,"column":60}},{"start":{"line":55,"column":63},"end":{"line":55,"column":71}}],"line":55},"8":{"loc":{"start":{"line":56,"column":44},"end":{"line":56,"column":77}},"type":"binary-expr","locations":[{"start":{"line":56,"column":44},"end":{"line":56,"column":72}},{"start":{"line":56,"column":76},"end":{"line":56,"column":77}}],"line":56}},"s":{"0":4,"1":0,"2":0,"3":3,"4":1,"5":2,"6":1,"7":1,"8":1,"9":1,"10":1,"11":1,"12":1,"13":0,"14":0,"15":0,"16":0,"17":0,"18":0,"19":4},"f":{"0":0,"1":3},"b":{"0":[1,2],"1":[1,1],"2":[1,0],"3":[0,0],"4":[0,0],"5":[0,0],"6":[0,0],"7":[0,0],"8":[0,0]},"_coverageSchema":"1a1c01bbd47fc00a2c39e90264f33305004495a9","hash":"327f8b7683c89ab0c152d42b25c91417f53b7bfb"}
,"/workspaces/AINA/services/api.js": {"path":"/workspaces/AINA/services/api.js","statementMap":{"0":{"start":{"line":5,"column":2},"end":{"line":5,"column":99}},"1":{"start":{"line":7,"column":12},"end":{"line":10,"column":2}},"2":{"start":{"line":12,"column":35},"end":{"line":16,"column":10}},"3":{"start":{"line":13,"column":2},"end":{"line":16,"column":10}},"4":{"start":{"line":18,"column":28},"end":{"line":20,"column":1}},"5":{"start":{"line":19,"column":2},"end":{"line":19,"column":77}},"6":{"start":{"line":22,"column":0},"end":{"line":30,"column":2}},"7":{"start":{"line":23,"column":16},"end":{"line":23,"column":24}},"8":{"start":{"line":25,"column":4},"end":{"line":27,"column":5}},"9":{"start":{"line":26,"column":6},"end":{"line":26,"column":23}},"10":{"start":{"line":28,"column":4},"end":{"line":28,"column":33}}},"fnMap":{"0":{"name":"(anonymous_0)","decl":{"start":{"line":12,"column":35},"end":{"line":12,"column":36}},"loc":{"start":{"line":13,"column":2},"end":{"line":16,"column":10}},"line":13},"1":{"name":"(anonymous_1)","decl":{"start":{"line":18,"column":28},"end":{"line":18,"column":29}},"loc":{"start":{"line":18,"column":39},"end":{"line":20,"column":1}},"line":18},"2":{"name":"(anonymous_2)","decl":{"start":{"line":23,"column":2},"end":{"line":23,"column":3}},"loc":{"start":{"line":23,"column":16},"end":{"line":23,"column":24}},"line":23},"3":{"name":"(anonymous_3)","decl":{"start":{"line":24,"column":2},"end":{"line":24,"column":3}},"loc":{"start":{"line":24,"column":13},"end":{"line":29,"column":3}},"line":24}},"branchMap":{"0":{"loc":{"start":{"line":5,"column":2},"end":{"line":5,"column":99}},"type":"binary-expr","locations":[{"start":{"line":5,"column":2},"end":{"line":5,"column":33}},{"start":{"line":5,"column":37},"end":{"line":5,"column":72}},{"start":{"line":5,"column":76},"end":{"line":5,"column":99}}],"line":5},"1":{"loc":{"start":{"line":12,"column":43},"end":{"line":12,"column":76}},"type":"default-arg","locations":[{"start":{"line":12,"column":54},"end":{"line":12,"column":76}}],"line":12},"2":{"loc":{"start":{"line":13,"column":2},"end":{"line":16,"column":10}},"type":"binary-expr","locations":[{"start":{"line":13,"column":2},"end":{"line":13,"column":39}},{"start":{"line":14,"column":2},"end":{"line":14,"column":32}},{"start":{"line":15,"column":2},"end":{"line":15,"column":16}},{"start":{"line":16,"column":2},"end":{"line":16,"column":10}}],"line":13},"3":{"loc":{"start":{"line":19,"column":46},"end":{"line":19,"column":76}},"type":"cond-expr","locations":[{"start":{"line":19,"column":54},"end":{"line":19,"column":71}},{"start":{"line":19,"column":74},"end":{"line":19,"column":76}}],"line":19},"4":{"loc":{"start":{"line":25,"column":4},"end":{"line":27,"column":5}},"type":"if","locations":[{"start":{"line":25,"column":4},"end":{"line":27,"column":5}},{"start":{},"end":{}}],"line":25}},"s":{"0":0,"1":0,"2":0,"3":0,"4":0,"5":0,"6":0,"7":0,"8":0,"9":0,"10":0},"f":{"0":0,"1":0,"2":0,"3":0},"b":{"0":[0,0,0],"1":[0],"2":[0,0,0,0],"3":[0,0],"4":[0,0]}}
,"/workspaces/AINA/services/legalReportService.js": {"path":"/workspaces/AINA/services/legalReportService.js","statementMap":{"0":{"start":{"line":1,"column":20},"end":{"line":1,"column":37}},"1":{"start":{"line":4,"column":2},"end":{"line":13,"column":8}},"2":{"start":{"line":5,"column":20},"end":{"line":5,"column":65}},"3":{"start":{"line":6,"column":20},"end":{"line":13,"column":5}},"4":{"start":{"line":17,"column":14},"end":{"line":17,"column":45}},"5":{"start":{"line":18,"column":17},"end":{"line":18,"column":19}},"6":{"start":{"line":20,"column":2},"end":{"line":53,"column":5}},"7":{"start":{"line":21,"column":4},"end":{"line":21,"column":50}},"8":{"start":{"line":21,"column":30},"end":{"line":21,"column":48}},"9":{"start":{"line":22,"column":4},"end":{"line":22,"column":56}},"10":{"start":{"line":22,"column":24},"end":{"line":22,"column":54}},"11":{"start":{"line":24,"column":4},"end":{"line":24,"column":56}},"12":{"start":{"line":25,"column":4},"end":{"line":25,"column":19}},"13":{"start":{"line":26,"column":4},"end":{"line":26,"column":57}},"14":{"start":{"line":27,"column":4},"end":{"line":27,"column":58}},"15":{"start":{"line":28,"column":4},"end":{"line":28,"column":19}},"16":{"start":{"line":30,"column":4},"end":{"line":30,"column":37}},"17":{"start":{"line":31,"column":4},"end":{"line":31,"column":72}},"18":{"start":{"line":32,"column":4},"end":{"line":32,"column":73}},"19":{"start":{"line":33,"column":4},"end":{"line":33,"column":82}},"20":{"start":{"line":34,"column":4},"end":{"line":34,"column":49}},"21":{"start":{"line":35,"column":4},"end":{"line":35,"column":19}},"22":{"start":{"line":37,"column":4},"end":{"line":37,"column":48}},"23":{"start":{"line":38,"column":4},"end":{"line":38,"column":71}},"24":{"start":{"line":39,"column":4},"end":{"line":39,"column":19}},"25":{"start":{"line":41,"column":4},"end":{"line":41,"column":47}},"26":{"start":{"line":42,"column":4},"end":{"line":50,"column":7}},"27":{"start":{"line":43,"column":6},"end":{"line":49,"column":10}},"28":{"start":{"line":52,"column":4},"end":{"line":52,"column":14}},"29":{"start":{"line":56,"column":0},"end":{"line":56,"column":57}}},"fnMap":{"0":{"name":"buildLegalTimeline","decl":{"start":{"line":3,"column":9},"end":{"line":3,"column":27}},"loc":{"start":{"line":3,"column":44},"end":{"line":14,"column":1}},"line":3},"1":{"name":"(anonymous_1)","decl":{"start":{"line":5,"column":10},"end":{"line":5,"column":11}},"loc":{"start":{"line":5,"column":20},"end":{"line":5,"column":65}},"line":5},"2":{"name":"(anonymous_2)","decl":{"start":{"line":6,"column":9},"end":{"line":6,"column":10}},"loc":{"start":{"line":6,"column":20},"end":{"line":13,"column":5}},"line":6},"3":{"name":"createPdfBuffer","decl":{"start":{"line":16,"column":9},"end":{"line":16,"column":24}},"loc":{"start":{"line":16,"column":75},"end":{"line":54,"column":1}},"line":16},"4":{"name":"(anonymous_4)","decl":{"start":{"line":20,"column":21},"end":{"line":20,"column":22}},"loc":{"start":{"line":20,"column":34},"end":{"line":53,"column":3}},"line":20},"5":{"name":"(anonymous_5)","decl":{"start":{"line":21,"column":19},"end":{"line":21,"column":20}},"loc":{"start":{"line":21,"column":30},"end":{"line":21,"column":48}},"line":21},"6":{"name":"(anonymous_6)","decl":{"start":{"line":22,"column":18},"end":{"line":22,"column":19}},"loc":{"start":{"line":22,"column":24},"end":{"line":22,"column":54}},"line":22},"7":{"name":"(anonymous_7)","decl":{"start":{"line":42,"column":21},"end":{"line":42,"column":22}},"loc":{"start":{"line":42,"column":33},"end":{"line":50,"column":5}},"line":42}},"branchMap":{"0":{"loc":{"start":{"line":3,"column":28},"end":{"line":3,"column":42}},"type":"default-arg","locations":[{"start":{"line":3,"column":40},"end":{"line":3,"column":42}}],"line":3},"1":{"loc":{"start":{"line":32,"column":36},"end":{"line":32,"column":69}},"type":"binary-expr","locations":[{"start":{"line":32,"column":36},"end":{"line":32,"column":60}},{"start":{"line":32,"column":64},"end":{"line":32,"column":69}}],"line":32},"2":{"loc":{"start":{"line":33,"column":37},"end":{"line":33,"column":78}},"type":"cond-expr","locations":[{"start":{"line":33,"column":66},"end":{"line":33,"column":71}},{"start":{"line":33,"column":74},"end":{"line":33,"column":78}}],"line":33},"3":{"loc":{"start":{"line":38,"column":26},"end":{"line":38,"column":69}},"type":"binary-expr","locations":[{"start":{"line":38,"column":26},"end":{"line":38,"column":40}},{"start":{"line":38,"column":44},"end":{"line":38,"column":69}}],"line":38},"4":{"loc":{"start":{"line":47,"column":12},"end":{"line":47,"column":31}},"type":"binary-expr","locations":[{"start":{"line":47,"column":12},"end":{"line":47,"column":22}},{"start":{"line":47,"column":26},"end":{"line":47,"column":31}}],"line":47},"5":{"loc":{"start":{"line":48,"column":21},"end":{"line":48,"column":39}},"type":"binary-expr","locations":[{"start":{"line":48,"column":21},"end":{"line":48,"column":26}},{"start":{"line":48,"column":30},"end":{"line":48,"column":39}}],"line":48}},"s":{"0":3,"1":0,"2":0,"3":0,"4":0,"5":0,"6":0,"7":0,"8":0,"9":0,"10":0,"11":0,"12":0,"13":0,"14":0,"15":0,"16":0,"17":0,"18":0,"19":0,"20":0,"21":0,"22":0,"23":0,"24":0,"25":0,"26":0,"27":0,"28":0,"29":3},"f":{"0":0,"1":0,"2":0,"3":0,"4":0,"5":0,"6":0,"7":0},"b":{"0":[0],"1":[0,0],"2":[0,0],"3":[0,0],"4":[0,0],"5":[0,0]},"_coverageSchema":"1a1c01bbd47fc00a2c39e90264f33305004495a9","hash":"28682dcf59f2a44e0f727963d764a97558a195a0"}
,"/workspaces/AINA/services/logger.js": {"path":"/workspaces/AINA/services/logger.js","statementMap":{"0":{"start":{"line":1,"column":45},"end":{"line":1,"column":63}},"1":{"start":{"line":3,"column":15},"end":{"line":8,"column":2}},"2":{"start":{"line":10,"column":0},"end":{"line":10,"column":24}}},"fnMap":{},"branchMap":{"0":{"loc":{"start":{"line":4,"column":9},"end":{"line":4,"column":40}},"type":"binary-expr","locations":[{"start":{"line":4,"column":9},"end":{"line":4,"column":30}},{"start":{"line":4,"column":34},"end":{"line":4,"column":40}}],"line":4}},"s":{"0":3,"1":3,"2":3},"f":{},"b":{"0":[3,3]},"_coverageSchema":"1a1c01bbd47fc00a2c39e90264f33305004495a9","hash":"44ae9860084ed09690ac608458eacdf0d05b7f29"}
,"/workspaces/AINA/services/notificationService.js": {"path":"/workspaces/AINA/services/notificationService.js","statementMap":{"0":{"start":{"line":2,"column":21},"end":{"line":2,"column":51}},"1":{"start":{"line":3,"column":20},"end":{"line":3,"column":49}},"2":{"start":{"line":4,"column":21},"end":{"line":4,"column":51}},"3":{"start":{"line":6,"column":2},"end":{"line":6,"column":60}},"4":{"start":{"line":6,"column":48},"end":{"line":6,"column":60}},"5":{"start":{"line":8,"column":17},"end":{"line":8,"column":57}},"6":{"start":{"line":10,"column":22},"end":{"line":10,"column":24}},"7":{"start":{"line":11,"column":2},"end":{"line":37,"column":3}},"8":{"start":{"line":12,"column":4},"end":{"line":36,"column":5}},"9":{"start":{"line":13,"column":6},"end":{"line":13,"column":91}},"10":{"start":{"line":15,"column":6},"end":{"line":21,"column":7}},"11":{"start":{"line":16,"column":8},"end":{"line":20,"column":11}},"12":{"start":{"line":23,"column":6},"end":{"line":28,"column":9}},"13":{"start":{"line":30,"column":6},"end":{"line":35,"column":9}},"14":{"start":{"line":39,"column":2},"end":{"line":43,"column":4}},"15":{"start":{"line":42,"column":37},"end":{"line":42,"column":56}},"16":{"start":{"line":47,"column":18},"end":{"line":47,"column":76}},"17":{"start":{"line":49,"column":23},"end":{"line":49,"column":61}},"18":{"start":{"line":50,"column":2},"end":{"line":50,"column":40}},"19":{"start":{"line":50,"column":20},"end":{"line":50,"column":40}},"20":{"start":{"line":52,"column":22},"end":{"line":58,"column":5}},"21":{"start":{"line":52,"column":49},"end":{"line":58,"column":3}},"22":{"start":{"line":60,"column":2},"end":{"line":64,"column":4}},"23":{"start":{"line":67,"column":0},"end":{"line":67,"column":43}}},"fnMap":{"0":{"name":"sendViaTwilio","decl":{"start":{"line":1,"column":15},"end":{"line":1,"column":28}},"loc":{"start":{"line":1,"column":48},"end":{"line":44,"column":1}},"line":1},"1":{"name":"(anonymous_1)","decl":{"start":{"line":42,"column":30},"end":{"line":42,"column":31}},"loc":{"start":{"line":42,"column":37},"end":{"line":42,"column":56}},"line":42},"2":{"name":"notifyTrustedContacts","decl":{"start":{"line":46,"column":15},"end":{"line":46,"column":36}},"loc":{"start":{"line":46,"column":69},"end":{"line":65,"column":1}},"line":46},"3":{"name":"(anonymous_3)","decl":{"start":{"line":52,"column":35},"end":{"line":52,"column":36}},"loc":{"start":{"line":52,"column":49},"end":{"line":58,"column":3}},"line":52}},"branchMap":{"0":{"loc":{"start":{"line":6,"column":2},"end":{"line":6,"column":60}},"type":"if","locations":[{"start":{"line":6,"column":2},"end":{"line":6,"column":60}},{"start":{},"end":{}}],"line":6},"1":{"loc":{"start":{"line":6,"column":6},"end":{"line":6,"column":46}},"type":"binary-expr","locations":[{"start":{"line":6,"column":6},"end":{"line":6,"column":17}},{"start":{"line":6,"column":21},"end":{"line":6,"column":31}},{"start":{"line":6,"column":35},"end":{"line":6,"column":46}}],"line":6},"2":{"loc":{"start":{"line":15,"column":6},"end":{"line":21,"column":7}},"type":"if","locations":[{"start":{"line":15,"column":6},"end":{"line":21,"column":7}},{"start":{},"end":{}}],"line":15},"3":{"loc":{"start":{"line":50,"column":2},"end":{"line":50,"column":40}},"type":"if","locations":[{"start":{"line":50,"column":2},"end":{"line":50,"column":40}},{"start":{},"end":{}}],"line":50}},"s":{"0":0,"1":0,"2":0,"3":0,"4":0,"5":0,"6":0,"7":0,"8":0,"9":0,"10":0,"11":0,"12":0,"13":0,"14":0,"15":0,"16":0,"17":0,"18":0,"19":0,"20":0,"21":0,"22":0,"23":3},"f":{"0":0,"1":0,"2":0,"3":0},"b":{"0":[0,0],"1":[0,0,0],"2":[0,0],"3":[0,0]},"_coverageSchema":"1a1c01bbd47fc00a2c39e90264f33305004495a9","hash":"90a2414070306f95cf1ef0b17eddb334464685ae"}
,"/workspaces/AINA/services/patternService.js": {"path":"/workspaces/AINA/services/patternService.js","statementMap":{"0":{"start":{"line":2,"column":2},"end":{"line":3,"column":18}},"1":{"start":{"line":3,"column":4},"end":{"line":3,"column":18}},"2":{"start":{"line":4,"column":2},"end":{"line":4,"column":84}},"3":{"start":{"line":4,"column":68},"end":{"line":4,"column":84}},"4":{"start":{"line":5,"column":2},"end":{"line":5,"column":15}},"5":{"start":{"line":9,"column":16},"end":{"line":9,"column":32}},"6":{"start":{"line":10,"column":17},"end":{"line":10,"column":19}},"7":{"start":{"line":11,"column":16},"end":{"line":11,"column":18}},"8":{"start":{"line":12,"column":17},"end":{"line":12,"column":19}},"9":{"start":{"line":13,"column":25},"end":{"line":13,"column":27}},"10":{"start":{"line":14,"column":20},"end":{"line":14,"column":21}},"11":{"start":{"line":16,"column":2},"end":{"line":33,"column":5}},"12":{"start":{"line":17,"column":4},"end":{"line":17,"column":61}},"13":{"start":{"line":19,"column":17},"end":{"line":19,"column":45}},"14":{"start":{"line":20,"column":19},"end":{"line":20,"column":50}},"15":{"start":{"line":21,"column":4},"end":{"line":21,"column":45}},"16":{"start":{"line":23,"column":20},"end":{"line":25,"column":24}},"17":{"start":{"line":26,"column":4},"end":{"line":26,"column":49}},"18":{"start":{"line":28,"column":4},"end":{"line":30,"column":5}},"19":{"start":{"line":29,"column":6},"end":{"line":29,"column":81}},"20":{"start":{"line":32,"column":4},"end":{"line":32,"column":66}},"21":{"start":{"line":35,"column":21},"end":{"line":35,"column":83}},"22":{"start":{"line":35,"column":58},"end":{"line":35,"column":82}},"23":{"start":{"line":36,"column":27},"end":{"line":36,"column":32}},"24":{"start":{"line":38,"column":2},"end":{"line":43,"column":3}},"25":{"start":{"line":38,"column":15},"end":{"line":38,"column":16}},"26":{"start":{"line":39,"column":4},"end":{"line":42,"column":5}},"27":{"start":{"line":40,"column":6},"end":{"line":40,"column":32}},"28":{"start":{"line":41,"column":6},"end":{"line":41,"column":12}},"29":{"start":{"line":45,"column":27},"end":{"line":45,"column":93}},"30":{"start":{"line":45,"column":65},"end":{"line":45,"column":76}},"31":{"start":{"line":46,"column":28},"end":{"line":49,"column":44}},"32":{"start":{"line":47,"column":27},"end":{"line":47,"column":37}},"33":{"start":{"line":48,"column":20},"end":{"line":48,"column":31}},"34":{"start":{"line":49,"column":28},"end":{"line":49,"column":42}},"35":{"start":{"line":51,"column":2},"end":{"line":61,"column":4}},"36":{"start":{"line":64,"column":0},"end":{"line":64,"column":42}}},"fnMap":{"0":{"name":"getRiskLevel","decl":{"start":{"line":1,"column":9},"end":{"line":1,"column":21}},"loc":{"start":{"line":1,"column":93},"end":{"line":6,"column":1}},"line":1},"1":{"name":"buildIncidentSummary","decl":{"start":{"line":8,"column":9},"end":{"line":8,"column":29}},"loc":{"start":{"line":8,"column":46},"end":{"line":62,"column":1}},"line":8},"2":{"name":"(anonymous_2)","decl":{"start":{"line":16,"column":20},"end":{"line":16,"column":21}},"loc":{"start":{"line":16,"column":34},"end":{"line":33,"column":3}},"line":16},"3":{"name":"(anonymous_3)","decl":{"start":{"line":35,"column":48},"end":{"line":35,"column":49}},"loc":{"start":{"line":35,"column":58},"end":{"line":35,"column":82}},"line":35},"4":{"name":"(anonymous_4)","decl":{"start":{"line":45,"column":55},"end":{"line":45,"column":56}},"loc":{"start":{"line":45,"column":65},"end":{"line":45,"column":76}},"line":45},"5":{"name":"(anonymous_5)","decl":{"start":{"line":47,"column":12},"end":{"line":47,"column":13}},"loc":{"start":{"line":47,"column":27},"end":{"line":47,"column":37}},"line":47},"6":{"name":"(anonymous_6)","decl":{"start":{"line":48,"column":10},"end":{"line":48,"column":11}},"loc":{"start":{"line":48,"column":20},"end":{"line":48,"column":31}},"line":48},"7":{"name":"(anonymous_7)","decl":{"start":{"line":49,"column":9},"end":{"line":49,"column":10}},"loc":{"start":{"line":49,"column":28},"end":{"line":49,"column":42}},"line":49}},"branchMap":{"0":{"loc":{"start":{"line":1,"column":49},"end":{"line":1,"column":64}},"type":"default-arg","locations":[{"start":{"line":1,"column":63},"end":{"line":1,"column":64}}],"line":1},"1":{"loc":{"start":{"line":1,"column":66},"end":{"line":1,"column":91}},"type":"default-arg","locations":[{"start":{"line":1,"column":90},"end":{"line":1,"column":91}}],"line":1},"2":{"loc":{"start":{"line":2,"column":2},"end":{"line":3,"column":18}},"type":"if","locations":[{"start":{"line":2,"column":2},"end":{"line":3,"column":18}},{"start":{},"end":{}}],"line":2},"3":{"loc":{"start":{"line":2,"column":6},"end":{"line":2,"column":89}},"type":"binary-expr","locations":[{"start":{"line":2,"column":6},"end":{"line":2,"column":22}},{"start":{"line":2,"column":26},"end":{"line":2,"column":44}},{"start":{"line":2,"column":48},"end":{"line":2,"column":74}},{"start":{"line":2,"column":78},"end":{"line":2,"column":89}}],"line":2},"4":{"loc":{"start":{"line":4,"column":2},"end":{"line":4,"column":84}},"type":"if","locations":[{"start":{"line":4,"column":2},"end":{"line":4,"column":84}},{"start":{},"end":{}}],"line":4},"5":{"loc":{"start":{"line":4,"column":6},"end":{"line":4,"column":66}},"type":"binary-expr","locations":[{"start":{"line":4,"column":6},"end":{"line":4,"column":22}},{"start":{"line":4,"column":26},"end":{"line":4,"column":36}},{"start":{"line":4,"column":40},"end":{"line":4,"column":66}}],"line":4},"6":{"loc":{"start":{"line":8,"column":30},"end":{"line":8,"column":44}},"type":"default-arg","locations":[{"start":{"line":8,"column":42},"end":{"line":8,"column":44}}],"line":8},"7":{"loc":{"start":{"line":17,"column":29},"end":{"line":17,"column":55}},"type":"binary-expr","locations":[{"start":{"line":17,"column":29},"end":{"line":17,"column":50}},{"start":{"line":17,"column":54},"end":{"line":17,"column":55}}],"line":17},"8":{"loc":{"start":{"line":21,"column":21},"end":{"line":21,"column":39}},"type":"binary-expr","locations":[{"start":{"line":21,"column":21},"end":{"line":21,"column":34}},{"start":{"line":21,"column":38},"end":{"line":21,"column":39}}],"line":21},"9":{"loc":{"start":{"line":26,"column":23},"end":{"line":26,"column":43}},"type":"binary-expr","locations":[{"start":{"line":26,"column":23},"end":{"line":26,"column":38}},{"start":{"line":26,"column":42},"end":{"line":26,"column":43}}],"line":26},"10":{"loc":{"start":{"line":28,"column":4},"end":{"line":30,"column":5}},"type":"if","locations":[{"start":{"line":28,"column":4},"end":{"line":30,"column":5}},{"start":{},"end":{}}],"line":28},"11":{"loc":{"start":{"line":28,"column":8},"end":{"line":28,"column":54}},"type":"binary-expr","locations":[{"start":{"line":28,"column":8},"end":{"line":28,"column":22}},{"start":{"line":28,"column":26},"end":{"line":28,"column":54}}],"line":28},"12":{"loc":{"start":{"line":29,"column":40},"end":{"line":29,"column":75}},"type":"binary-expr","locations":[{"start":{"line":29,"column":40},"end":{"line":29,"column":70}},{"start":{"line":29,"column":74},"end":{"line":29,"column":75}}],"line":29},"13":{"loc":{"start":{"line":32,"column":40},"end":{"line":32,"column":64}},"type":"binary-expr","locations":[{"start":{"line":32,"column":40},"end":{"line":32,"column":59}},{"start":{"line":32,"column":63},"end":{"line":32,"column":64}}],"line":32},"14":{"loc":{"start":{"line":39,"column":4},"end":{"line":42,"column":5}},"type":"if","locations":[{"start":{"line":39,"column":4},"end":{"line":42,"column":5}},{"start":{},"end":{}}],"line":39},"15":{"loc":{"start":{"line":45,"column":27},"end":{"line":45,"column":93}},"type":"binary-expr","locations":[{"start":{"line":45,"column":27},"end":{"line":45,"column":85}},{"start":{"line":45,"column":89},"end":{"line":45,"column":93}}],"line":45}},"s":{"0":1,"1":1,"2":0,"3":0,"4":0,"5":1,"6":1,"7":1,"8":1,"9":1,"10":1,"11":1,"12":3,"13":3,"14":3,"15":3,"16":3,"17":3,"18":3,"19":3,"20":3,"21":1,"22":2,"23":1,"24":1,"25":1,"26":2,"27":0,"28":0,"29":1,"30":2,"31":1,"32":1,"33":0,"34":1,"35":1,"36":4},"f":{"0":1,"1":1,"2":3,"3":2,"4":2,"5":1,"6":0,"7":1},"b":{"0":[0],"1":[0],"2":[1,0],"3":[1,0,0,0],"4":[0,0],"5":[0,0,0],"6":[0],"7":[3,3],"8":[3,3],"9":[3,1],"10":[3,0],"11":[3,3],"12":[3,1],"13":[3,0],"14":[0,2],"15":[1,0]},"_coverageSchema":"1a1c01bbd47fc00a2c39e90264f33305004495a9","hash":"5f49bc0a7ce23b18729318952b64105298365996"}
,"/workspaces/AINA/services/queueService.js": {"path":"/workspaces/AINA/services/queueService.js","statementMap":{"0":{"start":{"line":1,"column":14},"end":{"line":1,"column":29}},"1":{"start":{"line":2,"column":17},"end":{"line":2,"column":66}},"2":{"start":{"line":4,"column":24},"end":{"line":4,"column":58}},"3":{"start":{"line":6,"column":0},"end":{"line":22,"column":3}},"4":{"start":{"line":7,"column":31},"end":{"line":7,"column":39}},"5":{"start":{"line":8,"column":34},"end":{"line":8,"column":56}},"6":{"start":{"line":9,"column":27},"end":{"line":9,"column":52}},"7":{"start":{"line":10,"column":17},"end":{"line":10,"column":35}},"8":{"start":{"line":12,"column":19},"end":{"line":12,"column":50}},"9":{"start":{"line":14,"column":2},"end":{"line":19,"column":3}},"10":{"start":{"line":15,"column":4},"end":{"line":18,"column":7}},"11":{"start":{"line":21,"column":2},"end":{"line":21,"column":18}},"12":{"start":{"line":24,"column":0},"end":{"line":24,"column":37}}},"fnMap":{"0":{"name":"(anonymous_0)","decl":{"start":{"line":6,"column":24},"end":{"line":6,"column":25}},"loc":{"start":{"line":6,"column":39},"end":{"line":22,"column":1}},"line":6}},"branchMap":{"0":{"loc":{"start":{"line":2,"column":17},"end":{"line":2,"column":66}},"type":"binary-expr","locations":[{"start":{"line":2,"column":17},"end":{"line":2,"column":38}},{"start":{"line":2,"column":42},"end":{"line":2,"column":66}}],"line":2},"1":{"loc":{"start":{"line":14,"column":2},"end":{"line":19,"column":3}},"type":"if","locations":[{"start":{"line":14,"column":2},"end":{"line":19,"column":3}},{"start":{},"end":{}}],"line":14}},"s":{"0":3,"1":3,"2":3,"3":3,"4":0,"5":0,"6":0,"7":0,"8":0,"9":0,"10":0,"11":0,"12":3},"f":{"0":0},"b":{"0":[3,3],"1":[0,0]},"_coverageSchema":"1a1c01bbd47fc00a2c39e90264f33305004495a9","hash":"885f40c174debc93ac04c5b688e523613973b67d"}
,"/workspaces/AINA/services/realtimeService.js": {"path":"/workspaces/AINA/services/realtimeService.js","statementMap":{"0":{"start":{"line":1,"column":17},"end":{"line":1,"column":21}},"1":{"start":{"line":4,"column":2},"end":{"line":4,"column":18}},"2":{"start":{"line":8,"column":2},"end":{"line":8,"column":20}},"3":{"start":{"line":12,"column":2},"end":{"line":12,"column":26}},"4":{"start":{"line":12,"column":19},"end":{"line":12,"column":26}},"5":{"start":{"line":13,"column":2},"end":{"line":13,"column":34}},"6":{"start":{"line":16,"column":0},"end":{"line":16,"column":45}}},"fnMap":{"0":{"name":"setIO","decl":{"start":{"line":3,"column":9},"end":{"line":3,"column":14}},"loc":{"start":{"line":3,"column":19},"end":{"line":5,"column":1}},"line":3},"1":{"name":"getIO","decl":{"start":{"line":7,"column":9},"end":{"line":7,"column":14}},"loc":{"start":{"line":7,"column":17},"end":{"line":9,"column":1}},"line":7},"2":{"name":"emitEvent","decl":{"start":{"line":11,"column":9},"end":{"line":11,"column":18}},"loc":{"start":{"line":11,"column":35},"end":{"line":14,"column":1}},"line":11}},"branchMap":{"0":{"loc":{"start":{"line":12,"column":2},"end":{"line":12,"column":26}},"type":"if","locations":[{"start":{"line":12,"column":2},"end":{"line":12,"column":26}},{"start":{},"end":{}}],"line":12}},"s":{"0":3,"1":0,"2":0,"3":0,"4":0,"5":0,"6":3},"f":{"0":0,"1":0,"2":0},"b":{"0":[0,0]},"_coverageSchema":"1a1c01bbd47fc00a2c39e90264f33305004495a9","hash":"c87fff6b4b166121fcfbe78eb6881a5615dd0394"}
,"/workspaces/AINA/services/redisClient.js": {"path":"/workspaces/AINA/services/redisClient.js","statementMap":{"0":{"start":{"line":1,"column":14},"end":{"line":1,"column":32}},"1":{"start":{"line":3,"column":14},"end":{"line":3,"column":74}},"2":{"start":{"line":5,"column":0},"end":{"line":5,"column":58}},"3":{"start":{"line":5,"column":26},"end":{"line":5,"column":56}},"4":{"start":{"line":6,"column":0},"end":{"line":6,"column":62}},"5":{"start":{"line":6,"column":27},"end":{"line":6,"column":60}},"6":{"start":{"line":8,"column":0},"end":{"line":8,"column":23}}},"fnMap":{"0":{"name":"(anonymous_0)","decl":{"start":{"line":5,"column":20},"end":{"line":5,"column":21}},"loc":{"start":{"line":5,"column":26},"end":{"line":5,"column":56}},"line":5},"1":{"name":"(anonymous_1)","decl":{"start":{"line":6,"column":18},"end":{"line":6,"column":19}},"loc":{"start":{"line":6,"column":27},"end":{"line":6,"column":60}},"line":6}},"branchMap":{"0":{"loc":{"start":{"line":3,"column":24},"end":{"line":3,"column":73}},"type":"binary-expr","locations":[{"start":{"line":3,"column":24},"end":{"line":3,"column":45}},{"start":{"line":3,"column":49},"end":{"line":3,"column":73}}],"line":3}},"s":{"0":3,"1":3,"2":3,"3":0,"4":3,"5":4,"6":3},"f":{"0":0,"1":4},"b":{"0":[3,3]},"_coverageSchema":"1a1c01bbd47fc00a2c39e90264f33305004495a9","hash":"cac281e8091b9f0071551527d291b7ebf9e8e470"}
,"/workspaces/AINA/services/socket.js": {"path":"/workspaces/AINA/services/socket.js","statementMap":{"0":{"start":{"line":7,"column":2},"end":{"line":11,"column":3}},"1":{"start":{"line":8,"column":4},"end":{"line":10,"column":7}},"2":{"start":{"line":12,"column":2},"end":{"line":12,"column":16}}},"fnMap":{"0":{"name":"getSocket","decl":{"start":{"line":6,"column":16},"end":{"line":6,"column":25}},"loc":{"start":{"line":6,"column":28},"end":{"line":13,"column":1}},"line":6}},"branchMap":{"0":{"loc":{"start":{"line":7,"column":2},"end":{"line":11,"column":3}},"type":"if","locations":[{"start":{"line":7,"column":2},"end":{"line":11,"column":3}},{"start":{},"end":{}}],"line":7}},"s":{"0":0,"1":0,"2":0},"f":{"0":0},"b":{"0":[0,0]}}
,"/workspaces/AINA/services/storageService.js": {"path":"/workspaces/AINA/services/storageService.js","statementMap":{"0":{"start":{"line":1,"column":15},"end":{"line":1,"column":32}},"1":{"start":{"line":6,"column":2},"end":{"line":8,"column":3}},"2":{"start":{"line":7,"column":4},"end":{"line":7,"column":16}},"3":{"start":{"line":10,"column":2},"end":{"line":34,"column":3}},"4":{"start":{"line":15,"column":23},"end":{"line":15,"column":47}},"5":{"start":{"line":16,"column":4},"end":{"line":20,"column":7}},"6":{"start":{"line":22,"column":22},"end":{"line":31,"column":5}},"7":{"start":{"line":33,"column":4},"end":{"line":33,"column":32}},"8":{"start":{"line":36,"column":17},"end":{"line":36,"column":77}},"9":{"start":{"line":37,"column":2},"end":{"line":37,"column":63}},"10":{"start":{"line":40,"column":0},"end":{"line":40,"column":41}}},"fnMap":{"0":{"name":"uploadEncryptedFile","decl":{"start":{"line":3,"column":15},"end":{"line":3,"column":34}},"loc":{"start":{"line":3,"column":64},"end":{"line":38,"column":1}},"line":3}},"branchMap":{"0":{"loc":{"start":{"line":3,"column":47},"end":{"line":3,"column":62}},"type":"default-arg","locations":[{"start":{"line":3,"column":56},"end":{"line":3,"column":62}}],"line":3},"1":{"loc":{"start":{"line":6,"column":2},"end":{"line":8,"column":3}},"type":"if","locations":[{"start":{"line":6,"column":2},"end":{"line":8,"column":3}},{"start":{},"end":{}}],"line":6},"2":{"loc":{"start":{"line":10,"column":2},"end":{"line":34,"column":3}},"type":"if","locations":[{"start":{"line":10,"column":2},"end":{"line":34,"column":3}},{"start":{},"end":{}}],"line":10},"3":{"loc":{"start":{"line":11,"column":4},"end":{"line":13,"column":37}},"type":"binary-expr","locations":[{"start":{"line":11,"column":4},"end":{"line":11,"column":37}},{"start":{"line":12,"column":4},"end":{"line":12,"column":34}},{"start":{"line":13,"column":4},"end":{"line":13,"column":37}}],"line":11}},"s":{"0":3,"1":0,"2":0,"3":0,"4":0,"5":0,"6":0,"7":0,"8":0,"9":0,"10":3},"f":{"0":0},"b":{"0":[0],"1":[0,0],"2":[0,0],"3":[0,0,0]},"_coverageSchema":"1a1c01bbd47fc00a2c39e90264f33305004495a9","hash":"e5ac6ca3b610cc07cb9010970f856420e7eb0296"}
,"/workspaces/AINA/utils/asyncHandler.js": {"path":"/workspaces/AINA/utils/asyncHandler.js","statementMap":{"0":{"start":{"line":1,"column":0},"end":{"line":5,"column":2}},"1":{"start":{"line":2,"column":2},"end":{"line":4,"column":4}},"2":{"start":{"line":3,"column":4},"end":{"line":3,"column":52}}},"fnMap":{"0":{"name":"asyncHandler","decl":{"start":{"line":1,"column":26},"end":{"line":1,"column":38}},"loc":{"start":{"line":1,"column":43},"end":{"line":5,"column":1}},"line":1},"1":{"name":"wrapped","decl":{"start":{"line":2,"column":18},"end":{"line":2,"column":25}},"loc":{"start":{"line":2,"column":42},"end":{"line":4,"column":3}},"line":2}},"branchMap":{},"s":{"0":4,"1":56,"2":2},"f":{"0":56,"1":2},"b":{},"_coverageSchema":"1a1c01bbd47fc00a2c39e90264f33305004495a9","hash":"6800b2541aad77e9809e7d6ec1792bf9e1538212"}
}
