TN:
SF:controllers/aiController.js
FN:6,(anonymous_0)
FN:17,(anonymous_1)
FN:29,(anonymous_2)
FN:31,(anonymous_3)
FN:33,(anonymous_4)
FN:36,(anonymous_5)
FN:38,(anonymous_6)
FNF:7
FNH:0
FNDA:0,(anonymous_0)
FNDA:0,(anonymous_1)
FNDA:0,(anonymous_2)
FNDA:0,(anonymous_3)
FNDA:0,(anonymous_4)
FNDA:0,(anonymous_5)
FNDA:0,(anonymous_6)
DA:1,3
DA:2,3
DA:4,3
DA:6,3
DA:7,0
DA:13,0
DA:14,0
DA:15,0
DA:17,0
DA:18,0
DA:20,0
DA:21,0
DA:23,0
DA:24,0
DA:25,0
DA:29,0
DA:30,0
DA:31,0
DA:33,0
DA:35,0
DA:36,0
DA:38,0
DA:40,0
DA:46,0
LF:24
LH:4
BRDA:18,0,0,0
BRDA:18,0,1,0
BRDA:21,1,0,0
BRDA:21,1,1,0
BRDA:23,2,0,0
BRDA:23,2,1,0
BRDA:23,3,0,0
BRDA:23,3,1,0
BRDA:25,4,0,0
BRDA:25,4,1,0
BRDA:29,5,0,0
BRDA:29,5,1,0
BRF:12
BRH:0
end_of_record
TN:
SF:controllers/authController.js
FN:9,buildAccessToken
FN:17,getMsFromDuration
FN:28,buildRefreshToken
FN:36,buildToken
FN:44,(anonymous_4)
FN:74,(anonymous_5)
FN:108,(anonymous_6)
FN:143,(anonymous_7)
FNF:8
FNH:0
FNDA:0,buildAccessToken
FNDA:0,getMsFromDuration
FNDA:0,buildRefreshToken
FNDA:0,buildToken
FNDA:0,(anonymous_4)
FNDA:0,(anonymous_5)
FNDA:0,(anonymous_6)
FNDA:0,(anonymous_7)
DA:1,3
DA:2,3
DA:3,3
DA:4,3
DA:5,3
DA:7,3
DA:10,0
DA:18,0
DA:19,0
DA:20,0
DA:22,0
DA:23,0
DA:24,0
DA:25,0
DA:29,0
DA:30,0
DA:31,0
DA:32,0
DA:33,0
DA:37,0
DA:44,3
DA:45,0
DA:47,0
DA:48,0
DA:49,0
DA:50,0
DA:53,0
DA:54,0
DA:56,0
DA:57,0
DA:59,0
DA:63,0
DA:74,3
DA:75,0
DA:76,0
DA:78,0
DA:79,0
DA:80,0
DA:83,0
DA:84,0
DA:85,0
DA:86,0
DA:89,0
DA:90,0
DA:92,0
DA:100,0
DA:108,3
DA:109,0
DA:110,0
DA:111,0
DA:112,0
DA:115,0
DA:116,0
DA:118,0
DA:119,0
DA:120,0
DA:123,0
DA:124,0
DA:125,0
DA:127,0
DA:135,0
DA:143,3
DA:144,0
DA:145,0
DA:146,0
DA:149,0
DA:150,0
DA:152,0
LF:68
LH:10
BRDA:11,0,0,0
BRDA:11,0,1,0
BRDA:12,1,0,0
BRDA:12,1,1,0
BRDA:13,2,0,0
BRDA:13,2,1,0
BRDA:18,3,0,0
BRDA:18,3,1,0
BRDA:20,4,0,0
BRDA:20,4,1,0
BRDA:22,5,0,0
BRDA:22,5,1,0
BRDA:23,6,0,0
BRDA:23,6,1,0
BRDA:24,7,0,0
BRDA:24,7,1,0
BRDA:30,8,0,0
BRDA:30,8,1,0
BRDA:38,9,0,0
BRDA:38,9,1,0
BRDA:39,10,0,0
BRDA:39,10,1,0
BRDA:40,11,0,0
BRDA:40,11,1,0
BRDA:48,12,0,0
BRDA:48,12,1,0
BRDA:69,13,0,0
BRDA:69,13,1,0
BRDA:78,14,0,0
BRDA:78,14,1,0
BRDA:84,15,0,0
BRDA:84,15,1,0
BRDA:103,16,0,0
BRDA:103,16,1,0
BRDA:110,17,0,0
BRDA:110,17,1,0
BRDA:118,18,0,0
BRDA:118,18,1,0
BRDA:118,19,0,0
BRDA:118,19,1,0
BRDA:118,19,2,0
BRDA:138,20,0,0
BRDA:138,20,1,0
BRDA:145,21,0,0
BRDA:145,21,1,0
BRF:45
BRH:0
end_of_record
TN:
SF:controllers/contactController.js
FN:6,(anonymous_0)
FN:21,(anonymous_1)
FNF:2
FNH:0
FNDA:0,(anonymous_0)
FNDA:0,(anonymous_1)
DA:1,3
DA:2,3
DA:4,3
DA:6,3
DA:7,0
DA:9,0
DA:10,0
DA:11,0
DA:14,0
DA:18,0
DA:21,3
DA:22,0
DA:27,0
LF:13
LH:5
BRDA:7,0,0,0
BRDA:9,1,0,0
BRDA:9,1,1,0
BRDA:9,2,0,0
BRDA:9,2,1,0
BRF:5
BRH:0
end_of_record
TN:
SF:controllers/incidentController.js
FN:13,(anonymous_0)
FN:19,(anonymous_1)
FN:106,(anonymous_2)
FN:126,(anonymous_3)
FN:140,(anonymous_4)
FN:156,(anonymous_5)
FNF:6
FNH:0
FNDA:0,(anonymous_0)
FNDA:0,(anonymous_1)
FNDA:0,(anonymous_2)
FNDA:0,(anonymous_3)
FNDA:0,(anonymous_4)
FNDA:0,(anonymous_5)
DA:1,3
DA:2,3
DA:3,3
DA:4,3
DA:5,3
DA:6,3
DA:7,3
DA:8,3
DA:9,3
DA:11,3
DA:13,3
DA:14,0
DA:15,0
DA:16,0
DA:19,3
DA:32,0
DA:34,0
DA:35,0
DA:36,0
DA:37,0
DA:38,0
DA:41,0
DA:42,0
DA:43,0
DA:46,0
DA:48,0
DA:54,0
DA:56,0
DA:77,0
DA:78,0
DA:85,0
DA:87,0
DA:88,0
DA:95,0
DA:103,0
DA:106,3
DA:107,0
DA:108,0
DA:110,0
DA:111,0
DA:114,0
DA:122,0
DA:123,0
DA:126,3
DA:127,0
DA:132,0
DA:133,0
DA:134,0
DA:137,0
DA:140,3
DA:141,0
DA:142,0
DA:143,0
DA:145,0
DA:155,0
DA:156,0
DA:157,0
DA:158,0
DA:159,0
DA:163,0
LF:60
LH:15
BRDA:35,0,0,0
BRDA:35,0,1,0
BRDA:37,1,0,0
BRDA:37,1,1,0
BRDA:41,2,0,0
BRDA:41,2,1,0
BRDA:54,3,0,0
BRDA:54,3,1,0
BRDA:54,4,0,0
BRDA:54,4,1,0
BRDA:59,5,0,0
BRDA:59,5,1,0
BRDA:59,5,2,0
BRDA:65,6,0,0
BRDA:65,6,1,0
BRDA:71,7,0,0
BRDA:71,7,1,0
BRDA:71,7,2,0
BRDA:77,8,0,0
BRDA:77,8,1,0
BRDA:77,9,0,0
BRDA:77,9,1,0
BRDA:87,10,0,0
BRDA:87,10,1,0
BRDA:103,11,0,0
BRDA:103,11,1,0
BRDA:110,12,0,0
BRDA:110,12,1,0
BRDA:132,13,0,0
BRDA:132,13,1,0
BRDA:155,14,0,0
BRDA:155,14,1,0
BRDA:155,15,0,0
BRDA:155,15,1,0
BRDA:157,16,0,0
BRDA:157,16,1,0
BRDA:158,17,0,0
BRDA:158,17,1,0
BRF:38
BRH:0
end_of_record
TN:
SF:controllers/notificationController.js
FN:6,(anonymous_0)
FNF:1
FNH:0
FNDA:0,(anonymous_0)
DA:1,3
DA:2,3
DA:4,3
DA:6,3
DA:7,0
DA:9,0
DA:15,0
LF:7
LH:4
BRF:0
BRH:0
end_of_record
TN:
SF:controllers/reportController.js
FN:8,(anonymous_0)
FN:22,(anonymous_1)
FN:28,(anonymous_2)
FN:43,(anonymous_3)
FN:57,(anonymous_4)
FNF:5
FNH:0
FNDA:0,(anonymous_0)
FNDA:0,(anonymous_1)
FNDA:0,(anonymous_2)
FNDA:0,(anonymous_3)
FNDA:0,(anonymous_4)
DA:1,3
DA:2,3
DA:3,3
DA:4,3
DA:6,3
DA:8,3
DA:9,0
DA:14,0
DA:19,0
DA:20,0
DA:22,0
DA:25,0
DA:28,3
DA:29,0
DA:33,0
DA:37,0
DA:38,0
DA:40,0
DA:43,3
DA:44,0
DA:45,0
DA:49,0
DA:53,0
DA:54,0
DA:55,0
DA:57,0
DA:60,0
DA:67,0
DA:68,0
DA:69,0
LF:30
LH:8
BRDA:61,0,0,0
BRDA:61,0,1,0
BRF:2
BRH:0
end_of_record
TN:
SF:controllers/sosController.js
FN:10,(anonymous_0)
FN:27,(anonymous_1)
FNF:2
FNH:0
FNDA:0,(anonymous_0)
FNDA:0,(anonymous_1)
DA:1,3
DA:2,3
DA:3,3
DA:4,3
DA:5,3
DA:6,3
DA:8,3
DA:10,3
DA:11,0
DA:13,0
DA:18,0
DA:19,0
DA:21,0
DA:22,0
DA:23,0
DA:24,0
DA:26,0
DA:27,0
DA:30,0
DA:32,0
DA:44,0
DA:45,0
DA:64,0
DA:66,0
LF:24
LH:8
BRDA:11,0,0,0
BRDA:49,1,0,0
BRDA:49,1,1,0
BRDA:52,2,0,0
BRDA:52,2,1,0
BRDA:58,3,0,0
BRDA:58,3,1,0
BRDA:59,4,0,0
BRDA:59,4,1,0
BRF:9
BRH:0
end_of_record
TN:
SF:middleware/authMiddleware.js
FN:3,(anonymous_0)
FNF:1
FNH:0
FNDA:0,(anonymous_0)
DA:1,0
DA:3,0
DA:4,0
DA:5,0
DA:7,0
DA:8,0
DA:9,0
DA:10,0
DA:12,0
LF:9
LH:0
BRDA:5,0,0,0
BRDA:5,0,1,0
BRF:2
BRH:0
end_of_record
TN:
SF:middleware/errorMiddleware.js
FN:3,notFound
FN:8,errorHandler
FNF:2
FNH:1
FNDA:0,notFound
FNDA:4,errorHandler
DA:1,3
DA:4,0
DA:5,0
DA:9,4
DA:11,4
DA:19,4
DA:20,0
DA:21,0
DA:24,4
DA:34,3
LF:10
LH:6
BRDA:9,0,0,4
BRDA:9,0,1,0
BRDA:16,1,0,4
BRDA:16,1,1,0
BRDA:19,2,0,0
BRDA:19,2,1,4
BRDA:27,3,0,4
BRDA:27,3,1,0
BRDA:30,4,0,4
BRDA:30,4,1,0
BRF:10
BRH:5
end_of_record
TN:
SF:middleware/sanitizeInput.js
FN:1,sanitizeValue
FN:15,(anonymous_1)
FN:24,(anonymous_2)
FNF:3
FNH:3
FNDA:41,sanitizeValue
FNDA:15,(anonymous_1)
FNDA:12,(anonymous_2)
DA:2,41
DA:3,12
DA:9,29
DA:10,1
DA:13,28
DA:14,25
DA:15,25
DA:16,15
DA:18,25
DA:21,3
DA:24,4
DA:25,12
DA:26,12
DA:27,12
LF:14
LH:14
BRDA:2,0,0,12
BRDA:2,0,1,29
BRDA:9,1,0,1
BRDA:9,1,1,28
BRDA:13,2,0,25
BRDA:13,2,1,3
BRDA:13,3,0,28
BRDA:13,3,1,27
BRDA:25,4,0,12
BRDA:25,4,1,0
BRDA:26,5,0,12
BRDA:26,5,1,0
BRF:12
BRH:10
end_of_record
TN:
SF:middleware/securityMiddleware.js
FN:6,(anonymous_0)
FNF:1
FNH:0
FNDA:0,(anonymous_0)
DA:1,3
DA:2,3
DA:4,3
DA:6,3
DA:7,0
DA:9,0
DA:10,0
DA:12,0
DA:13,0
DA:14,0
DA:17,0
DA:18,0
DA:19,0
DA:20,0
DA:23,0
DA:24,0
DA:25,0
DA:26,0
DA:29,0
DA:33,0
LF:20
LH:4
BRDA:7,0,0,0
BRDA:7,0,1,0
BRDA:12,1,0,0
BRDA:12,1,1,0
BRDA:12,2,0,0
BRDA:12,2,1,0
BRDA:18,3,0,0
BRDA:18,3,1,0
BRDA:18,4,0,0
BRDA:18,4,1,0
BRDA:24,5,0,0
BRDA:24,5,1,0
BRF:12
BRH:0
end_of_record
TN:
SF:middleware/validate.js
FN:1,validate
FN:2,(anonymous_1)
FN:10,(anonymous_2)
FNF:3
FNH:3
FNDA:30,validate
FNDA:3,(anonymous_1)
FNDA:4,(anonymous_2)
DA:1,4
DA:2,30
DA:3,3
DA:4,3
DA:5,2
DA:10,4
DA:18,1
DA:19,1
LF:8
LH:8
BRDA:4,0,0,2
BRDA:4,0,1,1
BRF:2
BRH:2
end_of_record
TN:
SF:routes/aiRoutes.js
FNF:0
FNH:0
DA:1,3
DA:2,3
DA:3,3
DA:5,3
DA:7,3
LF:5
LH:5
BRF:0
BRH:0
end_of_record
TN:
SF:routes/authRoutes.js
FNF:0
FNH:0
DA:1,3
DA:2,3
DA:7,3
DA:8,3
DA:27,3
DA:46,3
DA:65,3
DA:84,3
DA:86,3
LF:9
LH:9
BRF:0
BRH:0
end_of_record
TN:
SF:routes/contactRoutes.js
FNF:0
FNH:0
DA:1,3
DA:2,3
DA:3,3
DA:4,3
DA:5,3
DA:7,3
DA:8,3
DA:10,3
LF:8
LH:8
BRF:0
BRH:0
end_of_record
TN:
SF:routes/incidentRoutes.js
FNF:0
FNH:0
DA:1,3
DA:2,3
DA:3,3
DA:4,3
DA:5,3
DA:11,3
DA:13,3
DA:14,3
DA:15,3
DA:16,3
DA:18,3
LF:11
LH:11
BRF:0
BRH:0
end_of_record
TN:
SF:routes/incidentsRoutes.js
FNF:0
FNH:0
DA:1,3
DA:2,3
DA:3,3
DA:5,3
DA:7,3
LF:5
LH:5
BRF:0
BRH:0
end_of_record
TN:
SF:routes/notificationRoutes.js
FNF:0
FNH:0
DA:1,3
DA:2,3
DA:3,3
DA:4,3
DA:5,3
DA:7,3
DA:9,3
LF:7
LH:7
BRF:0
BRH:0
end_of_record
TN:
SF:routes/reportRoutes.js
FNF:0
FNH:0
DA:1,3
DA:2,3
DA:7,3
DA:9,3
DA:10,3
DA:11,3
DA:13,3
LF:7
LH:7
BRF:0
BRH:0
end_of_record
TN:
SF:routes/sosRoutes.js
FNF:0
FNH:0
DA:1,3
DA:2,3
DA:3,3
DA:4,3
DA:5,3
DA:6,3
DA:8,3
DA:10,3
LF:8
LH:8
BRF:0
BRH:0
end_of_record
TN:
SF:services/aiInsightsService.js
FN:6,riskFromSignals
FN:12,buildAndStoreInsight
FN:14,(anonymous_2)
FN:15,(anonymous_3)
FNF:4
FNH:0
FNDA:0,riskFromSignals
FNDA:0,buildAndStoreInsight
FNDA:0,(anonymous_2)
FNDA:0,(anonymous_3)
DA:1,3
DA:2,3
DA:4,3
DA:7,0
DA:8,0
DA:9,0
DA:13,0
DA:14,0
DA:15,0
DA:16,0
DA:22,0
DA:24,0
DA:36,0
DA:39,3
LF:14
LH:4
BRDA:6,0,0,0
BRDA:6,1,0,0
BRDA:6,2,0,0
BRDA:7,3,0,0
BRDA:7,3,1,0
BRDA:7,4,0,0
BRDA:7,4,1,0
BRDA:8,5,0,0
BRDA:8,5,1,0
BRDA:8,6,0,0
BRDA:8,6,1,0
BRDA:12,7,0,0
BRDA:14,8,0,0
BRDA:14,8,1,0
BRDA:15,9,0,0
BRDA:15,9,1,0
BRDA:30,10,0,0
BRDA:30,10,1,0
BRF:18
BRH:0
end_of_record
TN:
SF:services/aiService.js
FN:3,parseGeminiJson
FN:8,analyzeIncidentText
FNF:2
FNH:1
FNDA:0,parseGeminiJson
FNDA:3,analyzeIncidentText
DA:1,4
DA:4,0
DA:5,0
DA:9,3
DA:10,1
DA:14,2
DA:15,1
DA:25,1
DA:27,1
DA:28,1
DA:37,1
DA:38,1
DA:39,1
DA:42,0
DA:43,0
DA:45,0
DA:46,0
DA:49,0
DA:51,0
DA:62,4
LF:20
LH:12
BRDA:9,0,0,1
BRDA:9,0,1,2
BRDA:14,1,0,1
BRDA:14,1,1,1
BRDA:37,2,0,1
BRDA:37,2,1,0
BRDA:45,3,0,0
BRDA:45,3,1,0
BRDA:52,4,0,0
BRDA:52,4,1,0
BRDA:53,5,0,0
BRDA:53,5,1,0
BRDA:54,6,0,0
BRDA:54,6,1,0
BRDA:55,7,0,0
BRDA:55,7,1,0
BRDA:56,8,0,0
BRDA:56,8,1,0
BRF:18
BRH:5
end_of_record
TN:
SF:services/api.js
FN:12,(anonymous_0)
FN:18,(anonymous_1)
FN:23,(anonymous_2)
FN:24,(anonymous_3)
FNF:4
FNH:0
FNDA:0,(anonymous_0)
FNDA:0,(anonymous_1)
FNDA:0,(anonymous_2)
FNDA:0,(anonymous_3)
DA:5,0
DA:7,0
DA:12,0
DA:13,0
DA:18,0
DA:19,0
DA:22,0
DA:23,0
DA:25,0
DA:26,0
DA:28,0
LF:11
LH:0
BRDA:5,0,0,0
BRDA:5,0,1,0
BRDA:5,0,2,0
BRDA:12,1,0,0
BRDA:13,2,0,0
BRDA:13,2,1,0
BRDA:13,2,2,0
BRDA:13,2,3,0
BRDA:19,3,0,0
BRDA:19,3,1,0
BRDA:25,4,0,0
BRDA:25,4,1,0
BRF:12
BRH:0
end_of_record
TN:
SF:services/legalReportService.js
FN:3,buildLegalTimeline
FN:5,(anonymous_1)
FN:6,(anonymous_2)
FN:16,createPdfBuffer
FN:20,(anonymous_4)
FN:21,(anonymous_5)
FN:22,(anonymous_6)
FN:42,(anonymous_7)
FNF:8
FNH:0
FNDA:0,buildLegalTimeline
FNDA:0,(anonymous_1)
FNDA:0,(anonymous_2)
FNDA:0,createPdfBuffer
FNDA:0,(anonymous_4)
FNDA:0,(anonymous_5)
FNDA:0,(anonymous_6)
FNDA:0,(anonymous_7)
DA:1,3
DA:4,0
DA:5,0
DA:6,0
DA:17,0
DA:18,0
DA:20,0
DA:21,0
DA:22,0
DA:24,0
DA:25,0
DA:26,0
DA:27,0
DA:28,0
DA:30,0
DA:31,0
DA:32,0
DA:33,0
DA:34,0
DA:35,0
DA:37,0
DA:38,0
DA:39,0
DA:41,0
DA:42,0
DA:43,0
DA:52,0
DA:56,3
LF:28
LH:2
BRDA:3,0,0,0
BRDA:32,1,0,0
BRDA:32,1,1,0
BRDA:33,2,0,0
BRDA:33,2,1,0
BRDA:38,3,0,0
BRDA:38,3,1,0
BRDA:47,4,0,0
BRDA:47,4,1,0
BRDA:48,5,0,0
BRDA:48,5,1,0
BRF:11
BRH:0
end_of_record
TN:
SF:services/logger.js
FNF:0
FNH:0
DA:1,3
DA:3,3
DA:10,3
LF:3
LH:3
BRDA:4,0,0,3
BRDA:4,0,1,3
BRF:2
BRH:2
end_of_record
TN:
SF:services/notificationService.js
FN:1,sendViaTwilio
FN:42,(anonymous_1)
FN:46,notifyTrustedContacts
FN:52,(anonymous_3)
FNF:4
FNH:0
FNDA:0,sendViaTwilio
FNDA:0,(anonymous_1)
FNDA:0,notifyTrustedContacts
FNDA:0,(anonymous_3)
DA:2,0
DA:3,0
DA:4,0
DA:6,0
DA:8,0
DA:10,0
DA:11,0
DA:12,0
DA:13,0
DA:15,0
DA:16,0
DA:23,0
DA:30,0
DA:39,0
DA:42,0
DA:47,0
DA:49,0
DA:50,0
DA:52,0
DA:60,0
DA:67,3
LF:21
LH:1
BRDA:6,0,0,0
BRDA:6,0,1,0
BRDA:6,1,0,0
BRDA:6,1,1,0
BRDA:6,1,2,0
BRDA:15,2,0,0
BRDA:15,2,1,0
BRDA:50,3,0,0
BRDA:50,3,1,0
BRF:9
BRH:0
end_of_record
TN:
SF:services/patternService.js
FN:1,getRiskLevel
FN:8,buildIncidentSummary
FN:16,(anonymous_2)
FN:35,(anonymous_3)
FN:45,(anonymous_4)
FN:47,(anonymous_5)
FN:48,(anonymous_6)
FN:49,(anonymous_7)
FNF:8
FNH:7
FNDA:1,getRiskLevel
FNDA:1,buildIncidentSummary
FNDA:3,(anonymous_2)
FNDA:2,(anonymous_3)
FNDA:2,(anonymous_4)
FNDA:1,(anonymous_5)
FNDA:0,(anonymous_6)
FNDA:1,(anonymous_7)
DA:2,1
DA:3,1
DA:4,0
DA:5,0
DA:9,1
DA:10,1
DA:11,1
DA:12,1
DA:13,1
DA:14,1
DA:16,1
DA:17,3
DA:19,3
DA:20,3
DA:21,3
DA:23,3
DA:26,3
DA:28,3
DA:29,3
DA:32,3
DA:35,2
DA:36,1
DA:38,1
DA:39,2
DA:40,0
DA:41,0
DA:45,2
DA:46,1
DA:47,1
DA:48,0
DA:49,1
DA:51,1
DA:64,4
LF:33
LH:28
BRDA:1,0,0,0
BRDA:1,1,0,0
BRDA:2,2,0,1
BRDA:2,2,1,0
BRDA:2,3,0,1
BRDA:2,3,1,0
BRDA:2,3,2,0
BRDA:2,3,3,0
BRDA:4,4,0,0
BRDA:4,4,1,0
BRDA:4,5,0,0
BRDA:4,5,1,0
BRDA:4,5,2,0
BRDA:8,6,0,0
BRDA:17,7,0,3
BRDA:17,7,1,3
BRDA:21,8,0,3
BRDA:21,8,1,3
BRDA:26,9,0,3
BRDA:26,9,1,1
BRDA:28,10,0,3
BRDA:28,10,1,0
BRDA:28,11,0,3
BRDA:28,11,1,3
BRDA:29,12,0,3
BRDA:29,12,1,1
BRDA:32,13,0,3
BRDA:32,13,1,0
BRDA:39,14,0,0
BRDA:39,14,1,2
BRDA:45,15,0,1
BRDA:45,15,1,0
BRF:32
BRH:16
end_of_record
TN:
SF:services/queueService.js
FN:6,(anonymous_0)
FNF:1
FNH:0
FNDA:0,(anonymous_0)
DA:1,3
DA:2,3
DA:4,3
DA:6,3
DA:7,0
DA:8,0
DA:9,0
DA:10,0
DA:12,0
DA:14,0
DA:15,0
DA:21,0
DA:24,3
LF:13
LH:5
BRDA:2,0,0,3
BRDA:2,0,1,3
BRDA:14,1,0,0
BRDA:14,1,1,0
BRF:4
BRH:2
end_of_record
TN:
SF:services/realtimeService.js
FN:3,setIO
FN:7,getIO
FN:11,emitEvent
FNF:3
FNH:0
FNDA:0,setIO
FNDA:0,getIO
FNDA:0,emitEvent
DA:1,3
DA:4,0
DA:8,0
DA:12,0
DA:13,0
DA:16,3
LF:6
LH:2
BRDA:12,0,0,0
BRDA:12,0,1,0
BRF:2
BRH:0
end_of_record
TN:
SF:services/redisClient.js
FN:5,(anonymous_0)
FN:6,(anonymous_1)
FNF:2
FNH:1
FNDA:0,(anonymous_0)
FNDA:4,(anonymous_1)
DA:1,3
DA:3,3
DA:5,3
DA:6,4
DA:8,3
LF:5
LH:5
BRDA:3,0,0,3
BRDA:3,0,1,3
BRF:2
BRH:2
end_of_record
TN:
SF:services/socket.js
FN:6,getSocket
FNF:1
FNH:0
FNDA:0,getSocket
DA:7,0
DA:8,0
DA:12,0
LF:3
LH:0
BRDA:7,0,0,0
BRDA:7,0,1,0
BRF:2
BRH:0
end_of_record
TN:
SF:services/storageService.js
FN:3,uploadEncryptedFile
FNF:1
FNH:0
FNDA:0,uploadEncryptedFile
DA:1,3
DA:6,0
DA:7,0
DA:10,0
DA:15,0
DA:16,0
DA:22,0
DA:33,0
DA:36,0
DA:37,0
DA:40,3
LF:11
LH:2
BRDA:3,0,0,0
BRDA:6,1,0,0
BRDA:6,1,1,0
BRDA:10,2,0,0
BRDA:10,2,1,0
BRDA:11,3,0,0
BRDA:11,3,1,0
BRDA:11,3,2,0
BRF:8
BRH:0
end_of_record
TN:
SF:utils/asyncHandler.js
FN:1,asyncHandler
FN:2,wrapped
FNF:2
FNH:2
FNDA:56,asyncHandler
FNDA:2,wrapped
DA:1,4
DA:2,56
DA:3,2
LF:3
LH:3
BRF:0
BRH:0
end_of_record
